The system is: Linux - 3.10.0-957.1.3.el7.x86_64 - x86_64
Compiling the CXX compiler identification source file "CMakeCXXCompilerId.cpp" succeeded.
Compiler: /vol/apps/gcc/gcc-6.3.0/bin/g++ 
Build flags: 
Id flags:  

The output was:
0


Compilation of the CXX compiler identification source "CMakeCXXCompilerId.cpp" produced "a.out"

The CXX compiler identification is GNU, found in "/home/bfadness/build/CMakeFiles/3.14.5/CompilerIdCXX/a.out"

Determining if the CXX compiler works passed with the following output:
Change Dir: /home/bfadness/build/CMakeFiles/CMakeTmp

Run Build Command(s):/usr/bin/gmake cmTC_5727f/fast 
/usr/bin/gmake -f CMakeFiles/cmTC_5727f.dir/build.make CMakeFiles/cmTC_5727f.dir/build
gmake[1]: Entering directory `/home/bfadness/build/CMakeFiles/CMakeTmp'
Building CXX object CMakeFiles/cmTC_5727f.dir/testCXXCompiler.cxx.o
/vol/apps/gcc/gcc-6.3.0/bin/g++     -o CMakeFiles/cmTC_5727f.dir/testCXXCompiler.cxx.o -c /home/bfadness/build/CMakeFiles/CMakeTmp/testCXXCompiler.cxx
Linking CXX executable cmTC_5727f
/vol/apps/hpc/stow/cmake/gcc-7.2.0/bin/cmake -E cmake_link_script CMakeFiles/cmTC_5727f.dir/link.txt --verbose=1
/vol/apps/gcc/gcc-6.3.0/bin/g++       CMakeFiles/cmTC_5727f.dir/testCXXCompiler.cxx.o  -o cmTC_5727f 
gmake[1]: Leaving directory `/home/bfadness/build/CMakeFiles/CMakeTmp'


Detecting CXX compiler ABI info compiled with the following output:
Change Dir: /home/bfadness/build/CMakeFiles/CMakeTmp

Run Build Command(s):/usr/bin/gmake cmTC_ba88d/fast 
/usr/bin/gmake -f CMakeFiles/cmTC_ba88d.dir/build.make CMakeFiles/cmTC_ba88d.dir/build
gmake[1]: Entering directory `/home/bfadness/build/CMakeFiles/CMakeTmp'
Building CXX object CMakeFiles/cmTC_ba88d.dir/CMakeCXXCompilerABI.cpp.o
/vol/apps/gcc/gcc-6.3.0/bin/g++    -v -o CMakeFiles/cmTC_ba88d.dir/CMakeCXXCompilerABI.cpp.o -c /vol/apps/hpc/stow/cmake/gcc-7.2.0/share/cmake-3.14/Modules/CMakeCXXCompilerABI.cpp
Using built-in specs.
COLLECT_GCC=/vol/apps/gcc/gcc-6.3.0/bin/g++
Target: x86_64-redhat-linux
Configured with: /vol/apps/gcc/src/gcc-6.3.0/configure --prefix=/vol/apps/gcc/gcc-6.3.0 --mandir=/vol/apps/gcc/gcc-6.3.0/man --infodir=/vol/apps/gcc/gcc-6.3.0/info --with-bugurl=http://bugzilla.redhat.com/bugzilla --enable-bootstrap --enable-shared --enable-threads=posix --enable-checking=release --enable-__cxa_atexit --disable-libunwind-exceptions --enable-gnu-unique-object --enable-linker-build-id --with-linker-hash-style=gnu --enable-languages=c,c++,objc,obj-c++,fortran,lto --enable-plugin --enable-initfini-array --disable-libgcj --with-isl --with-cloog --enable-gnu-indirect-function --with-tune=generic --build=x86_64-redhat-linux --disable-multilib
Thread model: posix
gcc version 6.3.0 (GCC) 
COLLECT_GCC_OPTIONS='-v' '-o' 'CMakeFiles/cmTC_ba88d.dir/CMakeCXXCompilerABI.cpp.o' '-c' '-shared-libgcc' '-mtune=generic' '-march=x86-64'
 /vol/apps/gcc/gcc-6.3.0/libexec/gcc/x86_64-redhat-linux/6.3.0/cc1plus -quiet -v -D_GNU_SOURCE /vol/apps/hpc/stow/cmake/gcc-7.2.0/share/cmake-3.14/Modules/CMakeCXXCompilerABI.cpp -quiet -dumpbase CMakeCXXCompilerABI.cpp -mtune=generic -march=x86-64 -auxbase-strip CMakeFiles/cmTC_ba88d.dir/CMakeCXXCompilerABI.cpp.o -version -o /tmp/ccuJxGmb.s
GNU C++14 (GCC) version 6.3.0 (x86_64-redhat-linux)
	compiled by GNU C version 6.3.0, GMP version 4.3.2, MPFR version 2.4.2, MPC version 0.8.1, isl version 0.15
GGC heuristics: --param ggc-min-expand=100 --param ggc-min-heapsize=131072
ignoring nonexistent directory "/vol/apps/gcc/gcc-6.3.0/lib/gcc/x86_64-redhat-linux/6.3.0/../../../../x86_64-redhat-linux/include"
#include "..." search starts here:
#include <...> search starts here:
 /vol/apps/gcc/gcc-6.3.0/lib/gcc/x86_64-redhat-linux/6.3.0/../../../../include/c++/6.3.0
 /vol/apps/gcc/gcc-6.3.0/lib/gcc/x86_64-redhat-linux/6.3.0/../../../../include/c++/6.3.0/x86_64-redhat-linux
 /vol/apps/gcc/gcc-6.3.0/lib/gcc/x86_64-redhat-linux/6.3.0/../../../../include/c++/6.3.0/backward
 /vol/apps/gcc/gcc-6.3.0/lib/gcc/x86_64-redhat-linux/6.3.0/include
 /usr/local/include
 /vol/apps/gcc/gcc-6.3.0/include
 /vol/apps/gcc/gcc-6.3.0/lib/gcc/x86_64-redhat-linux/6.3.0/include-fixed
 /usr/include
End of search list.
GNU C++14 (GCC) version 6.3.0 (x86_64-redhat-linux)
	compiled by GNU C version 6.3.0, GMP version 4.3.2, MPFR version 2.4.2, MPC version 0.8.1, isl version 0.15
GGC heuristics: --param ggc-min-expand=100 --param ggc-min-heapsize=131072
Compiler executable checksum: e7239d93af620bed7e4450605883e0f7
COLLECT_GCC_OPTIONS='-v' '-o' 'CMakeFiles/cmTC_ba88d.dir/CMakeCXXCompilerABI.cpp.o' '-c' '-shared-libgcc' '-mtune=generic' '-march=x86-64'
 as -v --64 -o CMakeFiles/cmTC_ba88d.dir/CMakeCXXCompilerABI.cpp.o /tmp/ccuJxGmb.s
GNU assembler version 2.27 (x86_64-redhat-linux) using BFD version version 2.27-34.base.el7
COMPILER_PATH=/vol/apps/gcc/gcc-6.3.0/libexec/gcc/x86_64-redhat-linux/6.3.0/:/vol/apps/gcc/gcc-6.3.0/libexec/gcc/x86_64-redhat-linux/6.3.0/:/vol/apps/gcc/gcc-6.3.0/libexec/gcc/x86_64-redhat-linux/:/vol/apps/gcc/gcc-6.3.0/lib/gcc/x86_64-redhat-linux/6.3.0/:/vol/apps/gcc/gcc-6.3.0/lib/gcc/x86_64-redhat-linux/
LIBRARY_PATH=/vol/apps/gcc/gcc-6.3.0/lib/gcc/x86_64-redhat-linux/6.3.0/:/vol/apps/gcc/gcc-6.3.0/lib/gcc/x86_64-redhat-linux/6.3.0/../../../../lib64/:/lib/../lib64/:/usr/lib/../lib64/:/vol/apps/gcc/gcc-6.3.0/lib/gcc/x86_64-redhat-linux/6.3.0/../../../:/lib/:/usr/lib/
COLLECT_GCC_OPTIONS='-v' '-o' 'CMakeFiles/cmTC_ba88d.dir/CMakeCXXCompilerABI.cpp.o' '-c' '-shared-libgcc' '-mtune=generic' '-march=x86-64'
Linking CXX executable cmTC_ba88d
/vol/apps/hpc/stow/cmake/gcc-7.2.0/bin/cmake -E cmake_link_script CMakeFiles/cmTC_ba88d.dir/link.txt --verbose=1
/vol/apps/gcc/gcc-6.3.0/bin/g++      -v CMakeFiles/cmTC_ba88d.dir/CMakeCXXCompilerABI.cpp.o  -o cmTC_ba88d 
Using built-in specs.
COLLECT_GCC=/vol/apps/gcc/gcc-6.3.0/bin/g++
COLLECT_LTO_WRAPPER=/vol/apps/gcc/gcc-6.3.0/libexec/gcc/x86_64-redhat-linux/6.3.0/lto-wrapper
Target: x86_64-redhat-linux
Configured with: /vol/apps/gcc/src/gcc-6.3.0/configure --prefix=/vol/apps/gcc/gcc-6.3.0 --mandir=/vol/apps/gcc/gcc-6.3.0/man --infodir=/vol/apps/gcc/gcc-6.3.0/info --with-bugurl=http://bugzilla.redhat.com/bugzilla --enable-bootstrap --enable-shared --enable-threads=posix --enable-checking=release --enable-__cxa_atexit --disable-libunwind-exceptions --enable-gnu-unique-object --enable-linker-build-id --with-linker-hash-style=gnu --enable-languages=c,c++,objc,obj-c++,fortran,lto --enable-plugin --enable-initfini-array --disable-libgcj --with-isl --with-cloog --enable-gnu-indirect-function --with-tune=generic --build=x86_64-redhat-linux --disable-multilib
Thread model: posix
gcc version 6.3.0 (GCC) 
COMPILER_PATH=/vol/apps/gcc/gcc-6.3.0/libexec/gcc/x86_64-redhat-linux/6.3.0/:/vol/apps/gcc/gcc-6.3.0/libexec/gcc/x86_64-redhat-linux/6.3.0/:/vol/apps/gcc/gcc-6.3.0/libexec/gcc/x86_64-redhat-linux/:/vol/apps/gcc/gcc-6.3.0/lib/gcc/x86_64-redhat-linux/6.3.0/:/vol/apps/gcc/gcc-6.3.0/lib/gcc/x86_64-redhat-linux/
LIBRARY_PATH=/vol/apps/gcc/gcc-6.3.0/lib/gcc/x86_64-redhat-linux/6.3.0/:/vol/apps/gcc/gcc-6.3.0/lib/gcc/x86_64-redhat-linux/6.3.0/../../../../lib64/:/lib/../lib64/:/usr/lib/../lib64/:/vol/apps/gcc/gcc-6.3.0/lib/gcc/x86_64-redhat-linux/6.3.0/../../../:/lib/:/usr/lib/
COLLECT_GCC_OPTIONS='-v' '-o' 'cmTC_ba88d' '-shared-libgcc' '-mtune=generic' '-march=x86-64'
 /vol/apps/gcc/gcc-6.3.0/libexec/gcc/x86_64-redhat-linux/6.3.0/collect2 --build-id --eh-frame-hdr --hash-style=gnu -m elf_x86_64 -dynamic-linker /lib64/ld-linux-x86-64.so.2 -o cmTC_ba88d /lib/../lib64/crt1.o /lib/../lib64/crti.o /vol/apps/gcc/gcc-6.3.0/lib/gcc/x86_64-redhat-linux/6.3.0/crtbegin.o -L/vol/apps/gcc/gcc-6.3.0/lib/gcc/x86_64-redhat-linux/6.3.0 -L/vol/apps/gcc/gcc-6.3.0/lib/gcc/x86_64-redhat-linux/6.3.0/../../../../lib64 -L/lib/../lib64 -L/usr/lib/../lib64 -L/vol/apps/gcc/gcc-6.3.0/lib/gcc/x86_64-redhat-linux/6.3.0/../../.. CMakeFiles/cmTC_ba88d.dir/CMakeCXXCompilerABI.cpp.o -lstdc++ -lm -lgcc_s -lgcc -lc -lgcc_s -lgcc /vol/apps/gcc/gcc-6.3.0/lib/gcc/x86_64-redhat-linux/6.3.0/crtend.o /lib/../lib64/crtn.o
COLLECT_GCC_OPTIONS='-v' '-o' 'cmTC_ba88d' '-shared-libgcc' '-mtune=generic' '-march=x86-64'
gmake[1]: Leaving directory `/home/bfadness/build/CMakeFiles/CMakeTmp'


Parsed CXX implicit include dir info from above output: rv=done
  found start of include info
  found start of implicit include info
    add: [/vol/apps/gcc/gcc-6.3.0/lib/gcc/x86_64-redhat-linux/6.3.0/../../../../include/c++/6.3.0]
    add: [/vol/apps/gcc/gcc-6.3.0/lib/gcc/x86_64-redhat-linux/6.3.0/../../../../include/c++/6.3.0/x86_64-redhat-linux]
    add: [/vol/apps/gcc/gcc-6.3.0/lib/gcc/x86_64-redhat-linux/6.3.0/../../../../include/c++/6.3.0/backward]
    add: [/vol/apps/gcc/gcc-6.3.0/lib/gcc/x86_64-redhat-linux/6.3.0/include]
    add: [/usr/local/include]
    add: [/vol/apps/gcc/gcc-6.3.0/include]
    add: [/vol/apps/gcc/gcc-6.3.0/lib/gcc/x86_64-redhat-linux/6.3.0/include-fixed]
    add: [/usr/include]
  end of search list found
  collapse include dir [/vol/apps/gcc/gcc-6.3.0/lib/gcc/x86_64-redhat-linux/6.3.0/../../../../include/c++/6.3.0] ==> [/vol/apps/gcc/gcc-6.3.0/include/c++/6.3.0]
  collapse include dir [/vol/apps/gcc/gcc-6.3.0/lib/gcc/x86_64-redhat-linux/6.3.0/../../../../include/c++/6.3.0/x86_64-redhat-linux] ==> [/vol/apps/gcc/gcc-6.3.0/include/c++/6.3.0/x86_64-redhat-linux]
  collapse include dir [/vol/apps/gcc/gcc-6.3.0/lib/gcc/x86_64-redhat-linux/6.3.0/../../../../include/c++/6.3.0/backward] ==> [/vol/apps/gcc/gcc-6.3.0/include/c++/6.3.0/backward]
  collapse include dir [/vol/apps/gcc/gcc-6.3.0/lib/gcc/x86_64-redhat-linux/6.3.0/include] ==> [/vol/apps/gcc/gcc-6.3.0/lib/gcc/x86_64-redhat-linux/6.3.0/include]
  collapse include dir [/usr/local/include] ==> [/usr/local/include]
  collapse include dir [/vol/apps/gcc/gcc-6.3.0/include] ==> [/vol/apps/gcc/gcc-6.3.0/include]
  collapse include dir [/vol/apps/gcc/gcc-6.3.0/lib/gcc/x86_64-redhat-linux/6.3.0/include-fixed] ==> [/vol/apps/gcc/gcc-6.3.0/lib/gcc/x86_64-redhat-linux/6.3.0/include-fixed]
  collapse include dir [/usr/include] ==> [/usr/include]
  implicit include dirs: [/vol/apps/gcc/gcc-6.3.0/include/c++/6.3.0;/vol/apps/gcc/gcc-6.3.0/include/c++/6.3.0/x86_64-redhat-linux;/vol/apps/gcc/gcc-6.3.0/include/c++/6.3.0/backward;/vol/apps/gcc/gcc-6.3.0/lib/gcc/x86_64-redhat-linux/6.3.0/include;/usr/local/include;/vol/apps/gcc/gcc-6.3.0/include;/vol/apps/gcc/gcc-6.3.0/lib/gcc/x86_64-redhat-linux/6.3.0/include-fixed;/usr/include]


Parsed CXX implicit link information from above output:
  link line regex: [^( *|.*[/\])(ld|CMAKE_LINK_STARTFILE-NOTFOUND|([^/\]+-)?ld|collect2)[^/\]*( |$)]
  ignore line: [Change Dir: /home/bfadness/build/CMakeFiles/CMakeTmp]
  ignore line: []
  ignore line: [Run Build Command(s):/usr/bin/gmake cmTC_ba88d/fast ]
  ignore line: [/usr/bin/gmake -f CMakeFiles/cmTC_ba88d.dir/build.make CMakeFiles/cmTC_ba88d.dir/build]
  ignore line: [gmake[1]: Entering directory `/home/bfadness/build/CMakeFiles/CMakeTmp']
  ignore line: [Building CXX object CMakeFiles/cmTC_ba88d.dir/CMakeCXXCompilerABI.cpp.o]
  ignore line: [/vol/apps/gcc/gcc-6.3.0/bin/g++    -v -o CMakeFiles/cmTC_ba88d.dir/CMakeCXXCompilerABI.cpp.o -c /vol/apps/hpc/stow/cmake/gcc-7.2.0/share/cmake-3.14/Modules/CMakeCXXCompilerABI.cpp]
  ignore line: [Using built-in specs.]
  ignore line: [COLLECT_GCC=/vol/apps/gcc/gcc-6.3.0/bin/g++]
  ignore line: [Target: x86_64-redhat-linux]
  ignore line: [Configured with: /vol/apps/gcc/src/gcc-6.3.0/configure --prefix=/vol/apps/gcc/gcc-6.3.0 --mandir=/vol/apps/gcc/gcc-6.3.0/man --infodir=/vol/apps/gcc/gcc-6.3.0/info --with-bugurl=http://bugzilla.redhat.com/bugzilla --enable-bootstrap --enable-shared --enable-threads=posix --enable-checking=release --enable-__cxa_atexit --disable-libunwind-exceptions --enable-gnu-unique-object --enable-linker-build-id --with-linker-hash-style=gnu --enable-languages=c,c++,objc,obj-c++,fortran,lto --enable-plugin --enable-initfini-array --disable-libgcj --with-isl --with-cloog --enable-gnu-indirect-function --with-tune=generic --build=x86_64-redhat-linux --disable-multilib]
  ignore line: [Thread model: posix]
  ignore line: [gcc version 6.3.0 (GCC) ]
  ignore line: [COLLECT_GCC_OPTIONS='-v' '-o' 'CMakeFiles/cmTC_ba88d.dir/CMakeCXXCompilerABI.cpp.o' '-c' '-shared-libgcc' '-mtune=generic' '-march=x86-64']
  ignore line: [ /vol/apps/gcc/gcc-6.3.0/libexec/gcc/x86_64-redhat-linux/6.3.0/cc1plus -quiet -v -D_GNU_SOURCE /vol/apps/hpc/stow/cmake/gcc-7.2.0/share/cmake-3.14/Modules/CMakeCXXCompilerABI.cpp -quiet -dumpbase CMakeCXXCompilerABI.cpp -mtune=generic -march=x86-64 -auxbase-strip CMakeFiles/cmTC_ba88d.dir/CMakeCXXCompilerABI.cpp.o -version -o /tmp/ccuJxGmb.s]
  ignore line: [GNU C++14 (GCC) version 6.3.0 (x86_64-redhat-linux)]
  ignore line: [	compiled by GNU C version 6.3.0, GMP version 4.3.2, MPFR version 2.4.2, MPC version 0.8.1, isl version 0.15]
  ignore line: [GGC heuristics: --param ggc-min-expand=100 --param ggc-min-heapsize=131072]
  ignore line: [ignoring nonexistent directory "/vol/apps/gcc/gcc-6.3.0/lib/gcc/x86_64-redhat-linux/6.3.0/../../../../x86_64-redhat-linux/include"]
  ignore line: [#include "..." search starts here:]
  ignore line: [#include <...> search starts here:]
  ignore line: [ /vol/apps/gcc/gcc-6.3.0/lib/gcc/x86_64-redhat-linux/6.3.0/../../../../include/c++/6.3.0]
  ignore line: [ /vol/apps/gcc/gcc-6.3.0/lib/gcc/x86_64-redhat-linux/6.3.0/../../../../include/c++/6.3.0/x86_64-redhat-linux]
  ignore line: [ /vol/apps/gcc/gcc-6.3.0/lib/gcc/x86_64-redhat-linux/6.3.0/../../../../include/c++/6.3.0/backward]
  ignore line: [ /vol/apps/gcc/gcc-6.3.0/lib/gcc/x86_64-redhat-linux/6.3.0/include]
  ignore line: [ /usr/local/include]
  ignore line: [ /vol/apps/gcc/gcc-6.3.0/include]
  ignore line: [ /vol/apps/gcc/gcc-6.3.0/lib/gcc/x86_64-redhat-linux/6.3.0/include-fixed]
  ignore line: [ /usr/include]
  ignore line: [End of search list.]
  ignore line: [GNU C++14 (GCC) version 6.3.0 (x86_64-redhat-linux)]
  ignore line: [	compiled by GNU C version 6.3.0, GMP version 4.3.2, MPFR version 2.4.2, MPC version 0.8.1, isl version 0.15]
  ignore line: [GGC heuristics: --param ggc-min-expand=100 --param ggc-min-heapsize=131072]
  ignore line: [Compiler executable checksum: e7239d93af620bed7e4450605883e0f7]
  ignore line: [COLLECT_GCC_OPTIONS='-v' '-o' 'CMakeFiles/cmTC_ba88d.dir/CMakeCXXCompilerABI.cpp.o' '-c' '-shared-libgcc' '-mtune=generic' '-march=x86-64']
  ignore line: [ as -v --64 -o CMakeFiles/cmTC_ba88d.dir/CMakeCXXCompilerABI.cpp.o /tmp/ccuJxGmb.s]
  ignore line: [GNU assembler version 2.27 (x86_64-redhat-linux) using BFD version version 2.27-34.base.el7]
  ignore line: [COMPILER_PATH=/vol/apps/gcc/gcc-6.3.0/libexec/gcc/x86_64-redhat-linux/6.3.0/:/vol/apps/gcc/gcc-6.3.0/libexec/gcc/x86_64-redhat-linux/6.3.0/:/vol/apps/gcc/gcc-6.3.0/libexec/gcc/x86_64-redhat-linux/:/vol/apps/gcc/gcc-6.3.0/lib/gcc/x86_64-redhat-linux/6.3.0/:/vol/apps/gcc/gcc-6.3.0/lib/gcc/x86_64-redhat-linux/]
  ignore line: [LIBRARY_PATH=/vol/apps/gcc/gcc-6.3.0/lib/gcc/x86_64-redhat-linux/6.3.0/:/vol/apps/gcc/gcc-6.3.0/lib/gcc/x86_64-redhat-linux/6.3.0/../../../../lib64/:/lib/../lib64/:/usr/lib/../lib64/:/vol/apps/gcc/gcc-6.3.0/lib/gcc/x86_64-redhat-linux/6.3.0/../../../:/lib/:/usr/lib/]
  ignore line: [COLLECT_GCC_OPTIONS='-v' '-o' 'CMakeFiles/cmTC_ba88d.dir/CMakeCXXCompilerABI.cpp.o' '-c' '-shared-libgcc' '-mtune=generic' '-march=x86-64']
  ignore line: [Linking CXX executable cmTC_ba88d]
  ignore line: [/vol/apps/hpc/stow/cmake/gcc-7.2.0/bin/cmake -E cmake_link_script CMakeFiles/cmTC_ba88d.dir/link.txt --verbose=1]
  ignore line: [/vol/apps/gcc/gcc-6.3.0/bin/g++      -v CMakeFiles/cmTC_ba88d.dir/CMakeCXXCompilerABI.cpp.o  -o cmTC_ba88d ]
  ignore line: [Using built-in specs.]
  ignore line: [COLLECT_GCC=/vol/apps/gcc/gcc-6.3.0/bin/g++]
  ignore line: [COLLECT_LTO_WRAPPER=/vol/apps/gcc/gcc-6.3.0/libexec/gcc/x86_64-redhat-linux/6.3.0/lto-wrapper]
  ignore line: [Target: x86_64-redhat-linux]
  ignore line: [Configured with: /vol/apps/gcc/src/gcc-6.3.0/configure --prefix=/vol/apps/gcc/gcc-6.3.0 --mandir=/vol/apps/gcc/gcc-6.3.0/man --infodir=/vol/apps/gcc/gcc-6.3.0/info --with-bugurl=http://bugzilla.redhat.com/bugzilla --enable-bootstrap --enable-shared --enable-threads=posix --enable-checking=release --enable-__cxa_atexit --disable-libunwind-exceptions --enable-gnu-unique-object --enable-linker-build-id --with-linker-hash-style=gnu --enable-languages=c,c++,objc,obj-c++,fortran,lto --enable-plugin --enable-initfini-array --disable-libgcj --with-isl --with-cloog --enable-gnu-indirect-function --with-tune=generic --build=x86_64-redhat-linux --disable-multilib]
  ignore line: [Thread model: posix]
  ignore line: [gcc version 6.3.0 (GCC) ]
  ignore line: [COMPILER_PATH=/vol/apps/gcc/gcc-6.3.0/libexec/gcc/x86_64-redhat-linux/6.3.0/:/vol/apps/gcc/gcc-6.3.0/libexec/gcc/x86_64-redhat-linux/6.3.0/:/vol/apps/gcc/gcc-6.3.0/libexec/gcc/x86_64-redhat-linux/:/vol/apps/gcc/gcc-6.3.0/lib/gcc/x86_64-redhat-linux/6.3.0/:/vol/apps/gcc/gcc-6.3.0/lib/gcc/x86_64-redhat-linux/]
  ignore line: [LIBRARY_PATH=/vol/apps/gcc/gcc-6.3.0/lib/gcc/x86_64-redhat-linux/6.3.0/:/vol/apps/gcc/gcc-6.3.0/lib/gcc/x86_64-redhat-linux/6.3.0/../../../../lib64/:/lib/../lib64/:/usr/lib/../lib64/:/vol/apps/gcc/gcc-6.3.0/lib/gcc/x86_64-redhat-linux/6.3.0/../../../:/lib/:/usr/lib/]
  ignore line: [COLLECT_GCC_OPTIONS='-v' '-o' 'cmTC_ba88d' '-shared-libgcc' '-mtune=generic' '-march=x86-64']
  link line: [ /vol/apps/gcc/gcc-6.3.0/libexec/gcc/x86_64-redhat-linux/6.3.0/collect2 --build-id --eh-frame-hdr --hash-style=gnu -m elf_x86_64 -dynamic-linker /lib64/ld-linux-x86-64.so.2 -o cmTC_ba88d /lib/../lib64/crt1.o /lib/../lib64/crti.o /vol/apps/gcc/gcc-6.3.0/lib/gcc/x86_64-redhat-linux/6.3.0/crtbegin.o -L/vol/apps/gcc/gcc-6.3.0/lib/gcc/x86_64-redhat-linux/6.3.0 -L/vol/apps/gcc/gcc-6.3.0/lib/gcc/x86_64-redhat-linux/6.3.0/../../../../lib64 -L/lib/../lib64 -L/usr/lib/../lib64 -L/vol/apps/gcc/gcc-6.3.0/lib/gcc/x86_64-redhat-linux/6.3.0/../../.. CMakeFiles/cmTC_ba88d.dir/CMakeCXXCompilerABI.cpp.o -lstdc++ -lm -lgcc_s -lgcc -lc -lgcc_s -lgcc /vol/apps/gcc/gcc-6.3.0/lib/gcc/x86_64-redhat-linux/6.3.0/crtend.o /lib/../lib64/crtn.o]
    arg [/vol/apps/gcc/gcc-6.3.0/libexec/gcc/x86_64-redhat-linux/6.3.0/collect2] ==> ignore
    arg [--build-id] ==> ignore
    arg [--eh-frame-hdr] ==> ignore
    arg [--hash-style=gnu] ==> ignore
    arg [-m] ==> ignore
    arg [elf_x86_64] ==> ignore
    arg [-dynamic-linker] ==> ignore
    arg [/lib64/ld-linux-x86-64.so.2] ==> ignore
    arg [-o] ==> ignore
    arg [cmTC_ba88d] ==> ignore
    arg [/lib/../lib64/crt1.o] ==> ignore
    arg [/lib/../lib64/crti.o] ==> ignore
    arg [/vol/apps/gcc/gcc-6.3.0/lib/gcc/x86_64-redhat-linux/6.3.0/crtbegin.o] ==> ignore
    arg [-L/vol/apps/gcc/gcc-6.3.0/lib/gcc/x86_64-redhat-linux/6.3.0] ==> dir [/vol/apps/gcc/gcc-6.3.0/lib/gcc/x86_64-redhat-linux/6.3.0]
    arg [-L/vol/apps/gcc/gcc-6.3.0/lib/gcc/x86_64-redhat-linux/6.3.0/../../../../lib64] ==> dir [/vol/apps/gcc/gcc-6.3.0/lib/gcc/x86_64-redhat-linux/6.3.0/../../../../lib64]
    arg [-L/lib/../lib64] ==> dir [/lib/../lib64]
    arg [-L/usr/lib/../lib64] ==> dir [/usr/lib/../lib64]
    arg [-L/vol/apps/gcc/gcc-6.3.0/lib/gcc/x86_64-redhat-linux/6.3.0/../../..] ==> dir [/vol/apps/gcc/gcc-6.3.0/lib/gcc/x86_64-redhat-linux/6.3.0/../../..]
    arg [CMakeFiles/cmTC_ba88d.dir/CMakeCXXCompilerABI.cpp.o] ==> ignore
    arg [-lstdc++] ==> lib [stdc++]
    arg [-lm] ==> lib [m]
    arg [-lgcc_s] ==> lib [gcc_s]
    arg [-lgcc] ==> lib [gcc]
    arg [-lc] ==> lib [c]
    arg [-lgcc_s] ==> lib [gcc_s]
    arg [-lgcc] ==> lib [gcc]
    arg [/vol/apps/gcc/gcc-6.3.0/lib/gcc/x86_64-redhat-linux/6.3.0/crtend.o] ==> ignore
    arg [/lib/../lib64/crtn.o] ==> ignore
  collapse library dir [/vol/apps/gcc/gcc-6.3.0/lib/gcc/x86_64-redhat-linux/6.3.0] ==> [/vol/apps/gcc/gcc-6.3.0/lib/gcc/x86_64-redhat-linux/6.3.0]
  collapse library dir [/vol/apps/gcc/gcc-6.3.0/lib/gcc/x86_64-redhat-linux/6.3.0/../../../../lib64] ==> [/vol/apps/gcc/gcc-6.3.0/lib64]
  collapse library dir [/lib/../lib64] ==> [/lib64]
  collapse library dir [/usr/lib/../lib64] ==> [/usr/lib64]
  collapse library dir [/vol/apps/gcc/gcc-6.3.0/lib/gcc/x86_64-redhat-linux/6.3.0/../../..] ==> [/vol/apps/gcc/gcc-6.3.0/lib]
  implicit libs: [stdc++;m;gcc_s;gcc;c;gcc_s;gcc]
  implicit dirs: [/vol/apps/gcc/gcc-6.3.0/lib/gcc/x86_64-redhat-linux/6.3.0;/vol/apps/gcc/gcc-6.3.0/lib64;/lib64;/usr/lib64;/vol/apps/gcc/gcc-6.3.0/lib]
  implicit fwks: []




Detecting CXX [-std=c++1z] compiler features compiled with the following output:
Change Dir: /home/bfadness/build/CMakeFiles/CMakeTmp

Run Build Command(s):/usr/bin/gmake cmTC_7ae21/fast 
/usr/bin/gmake -f CMakeFiles/cmTC_7ae21.dir/build.make CMakeFiles/cmTC_7ae21.dir/build
gmake[1]: Entering directory `/home/bfadness/build/CMakeFiles/CMakeTmp'
Building CXX object CMakeFiles/cmTC_7ae21.dir/feature_tests.cxx.o
/vol/apps/gcc/gcc-6.3.0/bin/g++    -std=c++1z -o CMakeFiles/cmTC_7ae21.dir/feature_tests.cxx.o -c /home/bfadness/build/CMakeFiles/feature_tests.cxx
Linking CXX executable cmTC_7ae21
/vol/apps/hpc/stow/cmake/gcc-7.2.0/bin/cmake -E cmake_link_script CMakeFiles/cmTC_7ae21.dir/link.txt --verbose=1
/vol/apps/gcc/gcc-6.3.0/bin/g++       CMakeFiles/cmTC_7ae21.dir/feature_tests.cxx.o  -o cmTC_7ae21 
gmake[1]: Leaving directory `/home/bfadness/build/CMakeFiles/CMakeTmp'


    Feature record: CXX_FEATURE:1cxx_aggregate_default_initializers
    Feature record: CXX_FEATURE:1cxx_alias_templates
    Feature record: CXX_FEATURE:1cxx_alignas
    Feature record: CXX_FEATURE:1cxx_alignof
    Feature record: CXX_FEATURE:1cxx_attributes
    Feature record: CXX_FEATURE:1cxx_attribute_deprecated
    Feature record: CXX_FEATURE:1cxx_auto_type
    Feature record: CXX_FEATURE:1cxx_binary_literals
    Feature record: CXX_FEATURE:1cxx_constexpr
    Feature record: CXX_FEATURE:1cxx_contextual_conversions
    Feature record: CXX_FEATURE:1cxx_decltype
    Feature record: CXX_FEATURE:1cxx_decltype_auto
    Feature record: CXX_FEATURE:1cxx_decltype_incomplete_return_types
    Feature record: CXX_FEATURE:1cxx_default_function_template_args
    Feature record: CXX_FEATURE:1cxx_defaulted_functions
    Feature record: CXX_FEATURE:1cxx_defaulted_move_initializers
    Feature record: CXX_FEATURE:1cxx_delegating_constructors
    Feature record: CXX_FEATURE:1cxx_deleted_functions
    Feature record: CXX_FEATURE:1cxx_digit_separators
    Feature record: CXX_FEATURE:1cxx_enum_forward_declarations
    Feature record: CXX_FEATURE:1cxx_explicit_conversions
    Feature record: CXX_FEATURE:1cxx_extended_friend_declarations
    Feature record: CXX_FEATURE:1cxx_extern_templates
    Feature record: CXX_FEATURE:1cxx_final
    Feature record: CXX_FEATURE:1cxx_func_identifier
    Feature record: CXX_FEATURE:1cxx_generalized_initializers
    Feature record: CXX_FEATURE:1cxx_generic_lambdas
    Feature record: CXX_FEATURE:1cxx_inheriting_constructors
    Feature record: CXX_FEATURE:1cxx_inline_namespaces
    Feature record: CXX_FEATURE:1cxx_lambdas
    Feature record: CXX_FEATURE:1cxx_lambda_init_captures
    Feature record: CXX_FEATURE:1cxx_local_type_template_args
    Feature record: CXX_FEATURE:1cxx_long_long_type
    Feature record: CXX_FEATURE:1cxx_noexcept
    Feature record: CXX_FEATURE:1cxx_nonstatic_member_init
    Feature record: CXX_FEATURE:1cxx_nullptr
    Feature record: CXX_FEATURE:1cxx_override
    Feature record: CXX_FEATURE:1cxx_range_for
    Feature record: CXX_FEATURE:1cxx_raw_string_literals
    Feature record: CXX_FEATURE:1cxx_reference_qualified_functions
    Feature record: CXX_FEATURE:1cxx_relaxed_constexpr
    Feature record: CXX_FEATURE:1cxx_return_type_deduction
    Feature record: CXX_FEATURE:1cxx_right_angle_brackets
    Feature record: CXX_FEATURE:1cxx_rvalue_references
    Feature record: CXX_FEATURE:1cxx_sizeof_member
    Feature record: CXX_FEATURE:1cxx_static_assert
    Feature record: CXX_FEATURE:1cxx_strong_enums
    Feature record: CXX_FEATURE:1cxx_template_template_parameters
    Feature record: CXX_FEATURE:1cxx_thread_local
    Feature record: CXX_FEATURE:1cxx_trailing_return_types
    Feature record: CXX_FEATURE:1cxx_unicode_literals
    Feature record: CXX_FEATURE:1cxx_uniform_initialization
    Feature record: CXX_FEATURE:1cxx_unrestricted_unions
    Feature record: CXX_FEATURE:1cxx_user_literals
    Feature record: CXX_FEATURE:1cxx_variable_templates
    Feature record: CXX_FEATURE:1cxx_variadic_macros
    Feature record: CXX_FEATURE:1cxx_variadic_templates


Detecting CXX [-std=c++14] compiler features compiled with the following output:
Change Dir: /home/bfadness/build/CMakeFiles/CMakeTmp

Run Build Command(s):/usr/bin/gmake cmTC_f31b8/fast 
/usr/bin/gmake -f CMakeFiles/cmTC_f31b8.dir/build.make CMakeFiles/cmTC_f31b8.dir/build
gmake[1]: Entering directory `/home/bfadness/build/CMakeFiles/CMakeTmp'
Building CXX object CMakeFiles/cmTC_f31b8.dir/feature_tests.cxx.o
/vol/apps/gcc/gcc-6.3.0/bin/g++    -std=c++14 -o CMakeFiles/cmTC_f31b8.dir/feature_tests.cxx.o -c /home/bfadness/build/CMakeFiles/feature_tests.cxx
Linking CXX executable cmTC_f31b8
/vol/apps/hpc/stow/cmake/gcc-7.2.0/bin/cmake -E cmake_link_script CMakeFiles/cmTC_f31b8.dir/link.txt --verbose=1
/vol/apps/gcc/gcc-6.3.0/bin/g++       CMakeFiles/cmTC_f31b8.dir/feature_tests.cxx.o  -o cmTC_f31b8 
gmake[1]: Leaving directory `/home/bfadness/build/CMakeFiles/CMakeTmp'


    Feature record: CXX_FEATURE:1cxx_aggregate_default_initializers
    Feature record: CXX_FEATURE:1cxx_alias_templates
    Feature record: CXX_FEATURE:1cxx_alignas
    Feature record: CXX_FEATURE:1cxx_alignof
    Feature record: CXX_FEATURE:1cxx_attributes
    Feature record: CXX_FEATURE:1cxx_attribute_deprecated
    Feature record: CXX_FEATURE:1cxx_auto_type
    Feature record: CXX_FEATURE:1cxx_binary_literals
    Feature record: CXX_FEATURE:1cxx_constexpr
    Feature record: CXX_FEATURE:1cxx_contextual_conversions
    Feature record: CXX_FEATURE:1cxx_decltype
    Feature record: CXX_FEATURE:1cxx_decltype_auto
    Feature record: CXX_FEATURE:1cxx_decltype_incomplete_return_types
    Feature record: CXX_FEATURE:1cxx_default_function_template_args
    Feature record: CXX_FEATURE:1cxx_defaulted_functions
    Feature record: CXX_FEATURE:1cxx_defaulted_move_initializers
    Feature record: CXX_FEATURE:1cxx_delegating_constructors
    Feature record: CXX_FEATURE:1cxx_deleted_functions
    Feature record: CXX_FEATURE:1cxx_digit_separators
    Feature record: CXX_FEATURE:1cxx_enum_forward_declarations
    Feature record: CXX_FEATURE:1cxx_explicit_conversions
    Feature record: CXX_FEATURE:1cxx_extended_friend_declarations
    Feature record: CXX_FEATURE:1cxx_extern_templates
    Feature record: CXX_FEATURE:1cxx_final
    Feature record: CXX_FEATURE:1cxx_func_identifier
    Feature record: CXX_FEATURE:1cxx_generalized_initializers
    Feature record: CXX_FEATURE:1cxx_generic_lambdas
    Feature record: CXX_FEATURE:1cxx_inheriting_constructors
    Feature record: CXX_FEATURE:1cxx_inline_namespaces
    Feature record: CXX_FEATURE:1cxx_lambdas
    Feature record: CXX_FEATURE:1cxx_lambda_init_captures
    Feature record: CXX_FEATURE:1cxx_local_type_template_args
    Feature record: CXX_FEATURE:1cxx_long_long_type
    Feature record: CXX_FEATURE:1cxx_noexcept
    Feature record: CXX_FEATURE:1cxx_nonstatic_member_init
    Feature record: CXX_FEATURE:1cxx_nullptr
    Feature record: CXX_FEATURE:1cxx_override
    Feature record: CXX_FEATURE:1cxx_range_for
    Feature record: CXX_FEATURE:1cxx_raw_string_literals
    Feature record: CXX_FEATURE:1cxx_reference_qualified_functions
    Feature record: CXX_FEATURE:1cxx_relaxed_constexpr
    Feature record: CXX_FEATURE:1cxx_return_type_deduction
    Feature record: CXX_FEATURE:1cxx_right_angle_brackets
    Feature record: CXX_FEATURE:1cxx_rvalue_references
    Feature record: CXX_FEATURE:1cxx_sizeof_member
    Feature record: CXX_FEATURE:1cxx_static_assert
    Feature record: CXX_FEATURE:1cxx_strong_enums
    Feature record: CXX_FEATURE:1cxx_template_template_parameters
    Feature record: CXX_FEATURE:1cxx_thread_local
    Feature record: CXX_FEATURE:1cxx_trailing_return_types
    Feature record: CXX_FEATURE:1cxx_unicode_literals
    Feature record: CXX_FEATURE:1cxx_uniform_initialization
    Feature record: CXX_FEATURE:1cxx_unrestricted_unions
    Feature record: CXX_FEATURE:1cxx_user_literals
    Feature record: CXX_FEATURE:1cxx_variable_templates
    Feature record: CXX_FEATURE:1cxx_variadic_macros
    Feature record: CXX_FEATURE:1cxx_variadic_templates


Detecting CXX [-std=c++11] compiler features compiled with the following output:
Change Dir: /home/bfadness/build/CMakeFiles/CMakeTmp

Run Build Command(s):/usr/bin/gmake cmTC_20d37/fast 
/usr/bin/gmake -f CMakeFiles/cmTC_20d37.dir/build.make CMakeFiles/cmTC_20d37.dir/build
gmake[1]: Entering directory `/home/bfadness/build/CMakeFiles/CMakeTmp'
Building CXX object CMakeFiles/cmTC_20d37.dir/feature_tests.cxx.o
/vol/apps/gcc/gcc-6.3.0/bin/g++    -std=c++11 -o CMakeFiles/cmTC_20d37.dir/feature_tests.cxx.o -c /home/bfadness/build/CMakeFiles/feature_tests.cxx
Linking CXX executable cmTC_20d37
/vol/apps/hpc/stow/cmake/gcc-7.2.0/bin/cmake -E cmake_link_script CMakeFiles/cmTC_20d37.dir/link.txt --verbose=1
/vol/apps/gcc/gcc-6.3.0/bin/g++       CMakeFiles/cmTC_20d37.dir/feature_tests.cxx.o  -o cmTC_20d37 
gmake[1]: Leaving directory `/home/bfadness/build/CMakeFiles/CMakeTmp'


    Feature record: CXX_FEATURE:0cxx_aggregate_default_initializers
    Feature record: CXX_FEATURE:1cxx_alias_templates
    Feature record: CXX_FEATURE:1cxx_alignas
    Feature record: CXX_FEATURE:1cxx_alignof
    Feature record: CXX_FEATURE:1cxx_attributes
    Feature record: CXX_FEATURE:0cxx_attribute_deprecated
    Feature record: CXX_FEATURE:1cxx_auto_type
    Feature record: CXX_FEATURE:0cxx_binary_literals
    Feature record: CXX_FEATURE:1cxx_constexpr
    Feature record: CXX_FEATURE:0cxx_contextual_conversions
    Feature record: CXX_FEATURE:1cxx_decltype
    Feature record: CXX_FEATURE:0cxx_decltype_auto
    Feature record: CXX_FEATURE:1cxx_decltype_incomplete_return_types
    Feature record: CXX_FEATURE:1cxx_default_function_template_args
    Feature record: CXX_FEATURE:1cxx_defaulted_functions
    Feature record: CXX_FEATURE:1cxx_defaulted_move_initializers
    Feature record: CXX_FEATURE:1cxx_delegating_constructors
    Feature record: CXX_FEATURE:1cxx_deleted_functions
    Feature record: CXX_FEATURE:0cxx_digit_separators
    Feature record: CXX_FEATURE:1cxx_enum_forward_declarations
    Feature record: CXX_FEATURE:1cxx_explicit_conversions
    Feature record: CXX_FEATURE:1cxx_extended_friend_declarations
    Feature record: CXX_FEATURE:1cxx_extern_templates
    Feature record: CXX_FEATURE:1cxx_final
    Feature record: CXX_FEATURE:1cxx_func_identifier
    Feature record: CXX_FEATURE:1cxx_generalized_initializers
    Feature record: CXX_FEATURE:0cxx_generic_lambdas
    Feature record: CXX_FEATURE:1cxx_inheriting_constructors
    Feature record: CXX_FEATURE:1cxx_inline_namespaces
    Feature record: CXX_FEATURE:1cxx_lambdas
    Feature record: CXX_FEATURE:0cxx_lambda_init_captures
    Feature record: CXX_FEATURE:1cxx_local_type_template_args
    Feature record: CXX_FEATURE:1cxx_long_long_type
    Feature record: CXX_FEATURE:1cxx_noexcept
    Feature record: CXX_FEATURE:1cxx_nonstatic_member_init
    Feature record: CXX_FEATURE:1cxx_nullptr
    Feature record: CXX_FEATURE:1cxx_override
    Feature record: CXX_FEATURE:1cxx_range_for
    Feature record: CXX_FEATURE:1cxx_raw_string_literals
    Feature record: CXX_FEATURE:1cxx_reference_qualified_functions
    Feature record: CXX_FEATURE:0cxx_relaxed_constexpr
    Feature record: CXX_FEATURE:0cxx_return_type_deduction
    Feature record: CXX_FEATURE:1cxx_right_angle_brackets
    Feature record: CXX_FEATURE:1cxx_rvalue_references
    Feature record: CXX_FEATURE:1cxx_sizeof_member
    Feature record: CXX_FEATURE:1cxx_static_assert
    Feature record: CXX_FEATURE:1cxx_strong_enums
    Feature record: CXX_FEATURE:1cxx_template_template_parameters
    Feature record: CXX_FEATURE:1cxx_thread_local
    Feature record: CXX_FEATURE:1cxx_trailing_return_types
    Feature record: CXX_FEATURE:1cxx_unicode_literals
    Feature record: CXX_FEATURE:1cxx_uniform_initialization
    Feature record: CXX_FEATURE:1cxx_unrestricted_unions
    Feature record: CXX_FEATURE:1cxx_user_literals
    Feature record: CXX_FEATURE:0cxx_variable_templates
    Feature record: CXX_FEATURE:1cxx_variadic_macros
    Feature record: CXX_FEATURE:1cxx_variadic_templates


Detecting CXX [-std=c++98] compiler features compiled with the following output:
Change Dir: /home/bfadness/build/CMakeFiles/CMakeTmp

Run Build Command(s):/usr/bin/gmake cmTC_92f31/fast 
/usr/bin/gmake -f CMakeFiles/cmTC_92f31.dir/build.make CMakeFiles/cmTC_92f31.dir/build
gmake[1]: Entering directory `/home/bfadness/build/CMakeFiles/CMakeTmp'
Building CXX object CMakeFiles/cmTC_92f31.dir/feature_tests.cxx.o
/vol/apps/gcc/gcc-6.3.0/bin/g++    -std=c++98 -o CMakeFiles/cmTC_92f31.dir/feature_tests.cxx.o -c /home/bfadness/build/CMakeFiles/feature_tests.cxx
Linking CXX executable cmTC_92f31
/vol/apps/hpc/stow/cmake/gcc-7.2.0/bin/cmake -E cmake_link_script CMakeFiles/cmTC_92f31.dir/link.txt --verbose=1
/vol/apps/gcc/gcc-6.3.0/bin/g++       CMakeFiles/cmTC_92f31.dir/feature_tests.cxx.o  -o cmTC_92f31 
gmake[1]: Leaving directory `/home/bfadness/build/CMakeFiles/CMakeTmp'


    Feature record: CXX_FEATURE:0cxx_aggregate_default_initializers
    Feature record: CXX_FEATURE:0cxx_alias_templates
    Feature record: CXX_FEATURE:0cxx_alignas
    Feature record: CXX_FEATURE:0cxx_alignof
    Feature record: CXX_FEATURE:0cxx_attributes
    Feature record: CXX_FEATURE:0cxx_attribute_deprecated
    Feature record: CXX_FEATURE:0cxx_auto_type
    Feature record: CXX_FEATURE:0cxx_binary_literals
    Feature record: CXX_FEATURE:0cxx_constexpr
    Feature record: CXX_FEATURE:0cxx_contextual_conversions
    Feature record: CXX_FEATURE:0cxx_decltype
    Feature record: CXX_FEATURE:0cxx_decltype_auto
    Feature record: CXX_FEATURE:0cxx_decltype_incomplete_return_types
    Feature record: CXX_FEATURE:0cxx_default_function_template_args
    Feature record: CXX_FEATURE:0cxx_defaulted_functions
    Feature record: CXX_FEATURE:0cxx_defaulted_move_initializers
    Feature record: CXX_FEATURE:0cxx_delegating_constructors
    Feature record: CXX_FEATURE:0cxx_deleted_functions
    Feature record: CXX_FEATURE:0cxx_digit_separators
    Feature record: CXX_FEATURE:0cxx_enum_forward_declarations
    Feature record: CXX_FEATURE:0cxx_explicit_conversions
    Feature record: CXX_FEATURE:0cxx_extended_friend_declarations
    Feature record: CXX_FEATURE:0cxx_extern_templates
    Feature record: CXX_FEATURE:0cxx_final
    Feature record: CXX_FEATURE:0cxx_func_identifier
    Feature record: CXX_FEATURE:0cxx_generalized_initializers
    Feature record: CXX_FEATURE:0cxx_generic_lambdas
    Feature record: CXX_FEATURE:0cxx_inheriting_constructors
    Feature record: CXX_FEATURE:0cxx_inline_namespaces
    Feature record: CXX_FEATURE:0cxx_lambdas
    Feature record: CXX_FEATURE:0cxx_lambda_init_captures
    Feature record: CXX_FEATURE:0cxx_local_type_template_args
    Feature record: CXX_FEATURE:0cxx_long_long_type
    Feature record: CXX_FEATURE:0cxx_noexcept
    Feature record: CXX_FEATURE:0cxx_nonstatic_member_init
    Feature record: CXX_FEATURE:0cxx_nullptr
    Feature record: CXX_FEATURE:0cxx_override
    Feature record: CXX_FEATURE:0cxx_range_for
    Feature record: CXX_FEATURE:0cxx_raw_string_literals
    Feature record: CXX_FEATURE:0cxx_reference_qualified_functions
    Feature record: CXX_FEATURE:0cxx_relaxed_constexpr
    Feature record: CXX_FEATURE:0cxx_return_type_deduction
    Feature record: CXX_FEATURE:0cxx_right_angle_brackets
    Feature record: CXX_FEATURE:0cxx_rvalue_references
    Feature record: CXX_FEATURE:0cxx_sizeof_member
    Feature record: CXX_FEATURE:0cxx_static_assert
    Feature record: CXX_FEATURE:0cxx_strong_enums
    Feature record: CXX_FEATURE:1cxx_template_template_parameters
    Feature record: CXX_FEATURE:0cxx_thread_local
    Feature record: CXX_FEATURE:0cxx_trailing_return_types
    Feature record: CXX_FEATURE:0cxx_unicode_literals
    Feature record: CXX_FEATURE:0cxx_uniform_initialization
    Feature record: CXX_FEATURE:0cxx_unrestricted_unions
    Feature record: CXX_FEATURE:0cxx_user_literals
    Feature record: CXX_FEATURE:0cxx_variable_templates
    Feature record: CXX_FEATURE:0cxx_variadic_macros
    Feature record: CXX_FEATURE:0cxx_variadic_templates
The system is: Linux - 3.10.0-957.1.3.el7.x86_64 - x86_64
Compiling the CXX compiler identification source file "CMakeCXXCompilerId.cpp" succeeded.
Compiler: /vol/apps/gcc/gcc-6.3.0/bin/g++ 
Build flags: 
Id flags:  

The output was:
0


Compilation of the CXX compiler identification source "CMakeCXXCompilerId.cpp" produced "a.out"

The CXX compiler identification is GNU, found in "/home/ruofeng/cluster/build/CMakeFiles/3.14.5/CompilerIdCXX/a.out"

Determining if the CXX compiler works passed with the following output:
Change Dir: /home/ruofeng/cluster/build/CMakeFiles/CMakeTmp

Run Build Command(s):/usr/bin/gmake cmTC_df600/fast 
/usr/bin/gmake -f CMakeFiles/cmTC_df600.dir/build.make CMakeFiles/cmTC_df600.dir/build
gmake[1]: Entering directory `/home/ruofeng/cluster/build/CMakeFiles/CMakeTmp'
Building CXX object CMakeFiles/cmTC_df600.dir/testCXXCompiler.cxx.o
/vol/apps/gcc/gcc-6.3.0/bin/g++     -o CMakeFiles/cmTC_df600.dir/testCXXCompiler.cxx.o -c /home/ruofeng/cluster/build/CMakeFiles/CMakeTmp/testCXXCompiler.cxx
Linking CXX executable cmTC_df600
/vol/apps/hpc/stow/cmake/gcc-7.2.0/bin/cmake -E cmake_link_script CMakeFiles/cmTC_df600.dir/link.txt --verbose=1
/vol/apps/gcc/gcc-6.3.0/bin/g++       CMakeFiles/cmTC_df600.dir/testCXXCompiler.cxx.o  -o cmTC_df600 
gmake[1]: Leaving directory `/home/ruofeng/cluster/build/CMakeFiles/CMakeTmp'


Detecting CXX compiler ABI info compiled with the following output:
Change Dir: /home/ruofeng/cluster/build/CMakeFiles/CMakeTmp

Run Build Command(s):/usr/bin/gmake cmTC_89394/fast 
/usr/bin/gmake -f CMakeFiles/cmTC_89394.dir/build.make CMakeFiles/cmTC_89394.dir/build
gmake[1]: Entering directory `/home/ruofeng/cluster/build/CMakeFiles/CMakeTmp'
Building CXX object CMakeFiles/cmTC_89394.dir/CMakeCXXCompilerABI.cpp.o
/vol/apps/gcc/gcc-6.3.0/bin/g++    -v -o CMakeFiles/cmTC_89394.dir/CMakeCXXCompilerABI.cpp.o -c /vol/apps/hpc/stow/cmake/gcc-7.2.0/share/cmake-3.14/Modules/CMakeCXXCompilerABI.cpp
Using built-in specs.
COLLECT_GCC=/vol/apps/gcc/gcc-6.3.0/bin/g++
Target: x86_64-redhat-linux
Configured with: /vol/apps/gcc/src/gcc-6.3.0/configure --prefix=/vol/apps/gcc/gcc-6.3.0 --mandir=/vol/apps/gcc/gcc-6.3.0/man --infodir=/vol/apps/gcc/gcc-6.3.0/info --with-bugurl=http://bugzilla.redhat.com/bugzilla --enable-bootstrap --enable-shared --enable-threads=posix --enable-checking=release --enable-__cxa_atexit --disable-libunwind-exceptions --enable-gnu-unique-object --enable-linker-build-id --with-linker-hash-style=gnu --enable-languages=c,c++,objc,obj-c++,fortran,lto --enable-plugin --enable-initfini-array --disable-libgcj --with-isl --with-cloog --enable-gnu-indirect-function --with-tune=generic --build=x86_64-redhat-linux --disable-multilib
Thread model: posix
gcc version 6.3.0 (GCC) 
COLLECT_GCC_OPTIONS='-v' '-o' 'CMakeFiles/cmTC_89394.dir/CMakeCXXCompilerABI.cpp.o' '-c' '-shared-libgcc' '-mtune=generic' '-march=x86-64'
 /vol/apps/gcc/gcc-6.3.0/libexec/gcc/x86_64-redhat-linux/6.3.0/cc1plus -quiet -v -D_GNU_SOURCE /vol/apps/hpc/stow/cmake/gcc-7.2.0/share/cmake-3.14/Modules/CMakeCXXCompilerABI.cpp -quiet -dumpbase CMakeCXXCompilerABI.cpp -mtune=generic -march=x86-64 -auxbase-strip CMakeFiles/cmTC_89394.dir/CMakeCXXCompilerABI.cpp.o -version -o /tmp/ccekdcA3.s
GNU C++14 (GCC) version 6.3.0 (x86_64-redhat-linux)
	compiled by GNU C version 6.3.0, GMP version 4.3.2, MPFR version 2.4.2, MPC version 0.8.1, isl version 0.15
GGC heuristics: --param ggc-min-expand=100 --param ggc-min-heapsize=131072
ignoring nonexistent directory "/vol/apps/gcc/gcc-6.3.0/lib/gcc/x86_64-redhat-linux/6.3.0/../../../../x86_64-redhat-linux/include"
#include "..." search starts here:
#include <...> search starts here:
 /vol/apps/gcc/gcc-6.3.0/lib/gcc/x86_64-redhat-linux/6.3.0/../../../../include/c++/6.3.0
 /vol/apps/gcc/gcc-6.3.0/lib/gcc/x86_64-redhat-linux/6.3.0/../../../../include/c++/6.3.0/x86_64-redhat-linux
 /vol/apps/gcc/gcc-6.3.0/lib/gcc/x86_64-redhat-linux/6.3.0/../../../../include/c++/6.3.0/backward
 /vol/apps/gcc/gcc-6.3.0/lib/gcc/x86_64-redhat-linux/6.3.0/include
 /usr/local/include
 /vol/apps/gcc/gcc-6.3.0/include
 /vol/apps/gcc/gcc-6.3.0/lib/gcc/x86_64-redhat-linux/6.3.0/include-fixed
 /usr/include
End of search list.
GNU C++14 (GCC) version 6.3.0 (x86_64-redhat-linux)
	compiled by GNU C version 6.3.0, GMP version 4.3.2, MPFR version 2.4.2, MPC version 0.8.1, isl version 0.15
GGC heuristics: --param ggc-min-expand=100 --param ggc-min-heapsize=131072
Compiler executable checksum: e7239d93af620bed7e4450605883e0f7
COLLECT_GCC_OPTIONS='-v' '-o' 'CMakeFiles/cmTC_89394.dir/CMakeCXXCompilerABI.cpp.o' '-c' '-shared-libgcc' '-mtune=generic' '-march=x86-64'
 as -v --64 -o CMakeFiles/cmTC_89394.dir/CMakeCXXCompilerABI.cpp.o /tmp/ccekdcA3.s
GNU assembler version 2.27 (x86_64-redhat-linux) using BFD version version 2.27-34.base.el7
COMPILER_PATH=/vol/apps/gcc/gcc-6.3.0/libexec/gcc/x86_64-redhat-linux/6.3.0/:/vol/apps/gcc/gcc-6.3.0/libexec/gcc/x86_64-redhat-linux/6.3.0/:/vol/apps/gcc/gcc-6.3.0/libexec/gcc/x86_64-redhat-linux/:/vol/apps/gcc/gcc-6.3.0/lib/gcc/x86_64-redhat-linux/6.3.0/:/vol/apps/gcc/gcc-6.3.0/lib/gcc/x86_64-redhat-linux/
LIBRARY_PATH=/vol/apps/gcc/gcc-6.3.0/lib/gcc/x86_64-redhat-linux/6.3.0/:/vol/apps/gcc/gcc-6.3.0/lib/gcc/x86_64-redhat-linux/6.3.0/../../../../lib64/:/lib/../lib64/:/usr/lib/../lib64/:/vol/apps/gcc/gcc-6.3.0/lib/gcc/x86_64-redhat-linux/6.3.0/../../../:/lib/:/usr/lib/
COLLECT_GCC_OPTIONS='-v' '-o' 'CMakeFiles/cmTC_89394.dir/CMakeCXXCompilerABI.cpp.o' '-c' '-shared-libgcc' '-mtune=generic' '-march=x86-64'
Linking CXX executable cmTC_89394
/vol/apps/hpc/stow/cmake/gcc-7.2.0/bin/cmake -E cmake_link_script CMakeFiles/cmTC_89394.dir/link.txt --verbose=1
/vol/apps/gcc/gcc-6.3.0/bin/g++      -v CMakeFiles/cmTC_89394.dir/CMakeCXXCompilerABI.cpp.o  -o cmTC_89394 
Using built-in specs.
COLLECT_GCC=/vol/apps/gcc/gcc-6.3.0/bin/g++
COLLECT_LTO_WRAPPER=/vol/apps/gcc/gcc-6.3.0/libexec/gcc/x86_64-redhat-linux/6.3.0/lto-wrapper
Target: x86_64-redhat-linux
Configured with: /vol/apps/gcc/src/gcc-6.3.0/configure --prefix=/vol/apps/gcc/gcc-6.3.0 --mandir=/vol/apps/gcc/gcc-6.3.0/man --infodir=/vol/apps/gcc/gcc-6.3.0/info --with-bugurl=http://bugzilla.redhat.com/bugzilla --enable-bootstrap --enable-shared --enable-threads=posix --enable-checking=release --enable-__cxa_atexit --disable-libunwind-exceptions --enable-gnu-unique-object --enable-linker-build-id --with-linker-hash-style=gnu --enable-languages=c,c++,objc,obj-c++,fortran,lto --enable-plugin --enable-initfini-array --disable-libgcj --with-isl --with-cloog --enable-gnu-indirect-function --with-tune=generic --build=x86_64-redhat-linux --disable-multilib
Thread model: posix
gcc version 6.3.0 (GCC) 
COMPILER_PATH=/vol/apps/gcc/gcc-6.3.0/libexec/gcc/x86_64-redhat-linux/6.3.0/:/vol/apps/gcc/gcc-6.3.0/libexec/gcc/x86_64-redhat-linux/6.3.0/:/vol/apps/gcc/gcc-6.3.0/libexec/gcc/x86_64-redhat-linux/:/vol/apps/gcc/gcc-6.3.0/lib/gcc/x86_64-redhat-linux/6.3.0/:/vol/apps/gcc/gcc-6.3.0/lib/gcc/x86_64-redhat-linux/
LIBRARY_PATH=/vol/apps/gcc/gcc-6.3.0/lib/gcc/x86_64-redhat-linux/6.3.0/:/vol/apps/gcc/gcc-6.3.0/lib/gcc/x86_64-redhat-linux/6.3.0/../../../../lib64/:/lib/../lib64/:/usr/lib/../lib64/:/vol/apps/gcc/gcc-6.3.0/lib/gcc/x86_64-redhat-linux/6.3.0/../../../:/lib/:/usr/lib/
COLLECT_GCC_OPTIONS='-v' '-o' 'cmTC_89394' '-shared-libgcc' '-mtune=generic' '-march=x86-64'
 /vol/apps/gcc/gcc-6.3.0/libexec/gcc/x86_64-redhat-linux/6.3.0/collect2 --build-id --eh-frame-hdr --hash-style=gnu -m elf_x86_64 -dynamic-linker /lib64/ld-linux-x86-64.so.2 -o cmTC_89394 /lib/../lib64/crt1.o /lib/../lib64/crti.o /vol/apps/gcc/gcc-6.3.0/lib/gcc/x86_64-redhat-linux/6.3.0/crtbegin.o -L/vol/apps/gcc/gcc-6.3.0/lib/gcc/x86_64-redhat-linux/6.3.0 -L/vol/apps/gcc/gcc-6.3.0/lib/gcc/x86_64-redhat-linux/6.3.0/../../../../lib64 -L/lib/../lib64 -L/usr/lib/../lib64 -L/vol/apps/gcc/gcc-6.3.0/lib/gcc/x86_64-redhat-linux/6.3.0/../../.. CMakeFiles/cmTC_89394.dir/CMakeCXXCompilerABI.cpp.o -lstdc++ -lm -lgcc_s -lgcc -lc -lgcc_s -lgcc /vol/apps/gcc/gcc-6.3.0/lib/gcc/x86_64-redhat-linux/6.3.0/crtend.o /lib/../lib64/crtn.o
COLLECT_GCC_OPTIONS='-v' '-o' 'cmTC_89394' '-shared-libgcc' '-mtune=generic' '-march=x86-64'
gmake[1]: Leaving directory `/home/ruofeng/cluster/build/CMakeFiles/CMakeTmp'


Parsed CXX implicit include dir info from above output: rv=done
  found start of include info
  found start of implicit include info
    add: [/vol/apps/gcc/gcc-6.3.0/lib/gcc/x86_64-redhat-linux/6.3.0/../../../../include/c++/6.3.0]
    add: [/vol/apps/gcc/gcc-6.3.0/lib/gcc/x86_64-redhat-linux/6.3.0/../../../../include/c++/6.3.0/x86_64-redhat-linux]
    add: [/vol/apps/gcc/gcc-6.3.0/lib/gcc/x86_64-redhat-linux/6.3.0/../../../../include/c++/6.3.0/backward]
    add: [/vol/apps/gcc/gcc-6.3.0/lib/gcc/x86_64-redhat-linux/6.3.0/include]
    add: [/usr/local/include]
    add: [/vol/apps/gcc/gcc-6.3.0/include]
    add: [/vol/apps/gcc/gcc-6.3.0/lib/gcc/x86_64-redhat-linux/6.3.0/include-fixed]
    add: [/usr/include]
  end of search list found
  collapse include dir [/vol/apps/gcc/gcc-6.3.0/lib/gcc/x86_64-redhat-linux/6.3.0/../../../../include/c++/6.3.0] ==> [/vol/apps/gcc/gcc-6.3.0/include/c++/6.3.0]
  collapse include dir [/vol/apps/gcc/gcc-6.3.0/lib/gcc/x86_64-redhat-linux/6.3.0/../../../../include/c++/6.3.0/x86_64-redhat-linux] ==> [/vol/apps/gcc/gcc-6.3.0/include/c++/6.3.0/x86_64-redhat-linux]
  collapse include dir [/vol/apps/gcc/gcc-6.3.0/lib/gcc/x86_64-redhat-linux/6.3.0/../../../../include/c++/6.3.0/backward] ==> [/vol/apps/gcc/gcc-6.3.0/include/c++/6.3.0/backward]
  collapse include dir [/vol/apps/gcc/gcc-6.3.0/lib/gcc/x86_64-redhat-linux/6.3.0/include] ==> [/vol/apps/gcc/gcc-6.3.0/lib/gcc/x86_64-redhat-linux/6.3.0/include]
  collapse include dir [/usr/local/include] ==> [/usr/local/include]
  collapse include dir [/vol/apps/gcc/gcc-6.3.0/include] ==> [/vol/apps/gcc/gcc-6.3.0/include]
  collapse include dir [/vol/apps/gcc/gcc-6.3.0/lib/gcc/x86_64-redhat-linux/6.3.0/include-fixed] ==> [/vol/apps/gcc/gcc-6.3.0/lib/gcc/x86_64-redhat-linux/6.3.0/include-fixed]
  collapse include dir [/usr/include] ==> [/usr/include]
  implicit include dirs: [/vol/apps/gcc/gcc-6.3.0/include/c++/6.3.0;/vol/apps/gcc/gcc-6.3.0/include/c++/6.3.0/x86_64-redhat-linux;/vol/apps/gcc/gcc-6.3.0/include/c++/6.3.0/backward;/vol/apps/gcc/gcc-6.3.0/lib/gcc/x86_64-redhat-linux/6.3.0/include;/usr/local/include;/vol/apps/gcc/gcc-6.3.0/include;/vol/apps/gcc/gcc-6.3.0/lib/gcc/x86_64-redhat-linux/6.3.0/include-fixed;/usr/include]


Parsed CXX implicit link information from above output:
  link line regex: [^( *|.*[/\])(ld|CMAKE_LINK_STARTFILE-NOTFOUND|([^/\]+-)?ld|collect2)[^/\]*( |$)]
  ignore line: [Change Dir: /home/ruofeng/cluster/build/CMakeFiles/CMakeTmp]
  ignore line: []
  ignore line: [Run Build Command(s):/usr/bin/gmake cmTC_89394/fast ]
  ignore line: [/usr/bin/gmake -f CMakeFiles/cmTC_89394.dir/build.make CMakeFiles/cmTC_89394.dir/build]
  ignore line: [gmake[1]: Entering directory `/home/ruofeng/cluster/build/CMakeFiles/CMakeTmp']
  ignore line: [Building CXX object CMakeFiles/cmTC_89394.dir/CMakeCXXCompilerABI.cpp.o]
  ignore line: [/vol/apps/gcc/gcc-6.3.0/bin/g++    -v -o CMakeFiles/cmTC_89394.dir/CMakeCXXCompilerABI.cpp.o -c /vol/apps/hpc/stow/cmake/gcc-7.2.0/share/cmake-3.14/Modules/CMakeCXXCompilerABI.cpp]
  ignore line: [Using built-in specs.]
  ignore line: [COLLECT_GCC=/vol/apps/gcc/gcc-6.3.0/bin/g++]
  ignore line: [Target: x86_64-redhat-linux]
  ignore line: [Configured with: /vol/apps/gcc/src/gcc-6.3.0/configure --prefix=/vol/apps/gcc/gcc-6.3.0 --mandir=/vol/apps/gcc/gcc-6.3.0/man --infodir=/vol/apps/gcc/gcc-6.3.0/info --with-bugurl=http://bugzilla.redhat.com/bugzilla --enable-bootstrap --enable-shared --enable-threads=posix --enable-checking=release --enable-__cxa_atexit --disable-libunwind-exceptions --enable-gnu-unique-object --enable-linker-build-id --with-linker-hash-style=gnu --enable-languages=c,c++,objc,obj-c++,fortran,lto --enable-plugin --enable-initfini-array --disable-libgcj --with-isl --with-cloog --enable-gnu-indirect-function --with-tune=generic --build=x86_64-redhat-linux --disable-multilib]
  ignore line: [Thread model: posix]
  ignore line: [gcc version 6.3.0 (GCC) ]
  ignore line: [COLLECT_GCC_OPTIONS='-v' '-o' 'CMakeFiles/cmTC_89394.dir/CMakeCXXCompilerABI.cpp.o' '-c' '-shared-libgcc' '-mtune=generic' '-march=x86-64']
  ignore line: [ /vol/apps/gcc/gcc-6.3.0/libexec/gcc/x86_64-redhat-linux/6.3.0/cc1plus -quiet -v -D_GNU_SOURCE /vol/apps/hpc/stow/cmake/gcc-7.2.0/share/cmake-3.14/Modules/CMakeCXXCompilerABI.cpp -quiet -dumpbase CMakeCXXCompilerABI.cpp -mtune=generic -march=x86-64 -auxbase-strip CMakeFiles/cmTC_89394.dir/CMakeCXXCompilerABI.cpp.o -version -o /tmp/ccekdcA3.s]
  ignore line: [GNU C++14 (GCC) version 6.3.0 (x86_64-redhat-linux)]
  ignore line: [	compiled by GNU C version 6.3.0, GMP version 4.3.2, MPFR version 2.4.2, MPC version 0.8.1, isl version 0.15]
  ignore line: [GGC heuristics: --param ggc-min-expand=100 --param ggc-min-heapsize=131072]
  ignore line: [ignoring nonexistent directory "/vol/apps/gcc/gcc-6.3.0/lib/gcc/x86_64-redhat-linux/6.3.0/../../../../x86_64-redhat-linux/include"]
  ignore line: [#include "..." search starts here:]
  ignore line: [#include <...> search starts here:]
  ignore line: [ /vol/apps/gcc/gcc-6.3.0/lib/gcc/x86_64-redhat-linux/6.3.0/../../../../include/c++/6.3.0]
  ignore line: [ /vol/apps/gcc/gcc-6.3.0/lib/gcc/x86_64-redhat-linux/6.3.0/../../../../include/c++/6.3.0/x86_64-redhat-linux]
  ignore line: [ /vol/apps/gcc/gcc-6.3.0/lib/gcc/x86_64-redhat-linux/6.3.0/../../../../include/c++/6.3.0/backward]
  ignore line: [ /vol/apps/gcc/gcc-6.3.0/lib/gcc/x86_64-redhat-linux/6.3.0/include]
  ignore line: [ /usr/local/include]
  ignore line: [ /vol/apps/gcc/gcc-6.3.0/include]
  ignore line: [ /vol/apps/gcc/gcc-6.3.0/lib/gcc/x86_64-redhat-linux/6.3.0/include-fixed]
  ignore line: [ /usr/include]
  ignore line: [End of search list.]
  ignore line: [GNU C++14 (GCC) version 6.3.0 (x86_64-redhat-linux)]
  ignore line: [	compiled by GNU C version 6.3.0, GMP version 4.3.2, MPFR version 2.4.2, MPC version 0.8.1, isl version 0.15]
  ignore line: [GGC heuristics: --param ggc-min-expand=100 --param ggc-min-heapsize=131072]
  ignore line: [Compiler executable checksum: e7239d93af620bed7e4450605883e0f7]
  ignore line: [COLLECT_GCC_OPTIONS='-v' '-o' 'CMakeFiles/cmTC_89394.dir/CMakeCXXCompilerABI.cpp.o' '-c' '-shared-libgcc' '-mtune=generic' '-march=x86-64']
  ignore line: [ as -v --64 -o CMakeFiles/cmTC_89394.dir/CMakeCXXCompilerABI.cpp.o /tmp/ccekdcA3.s]
  ignore line: [GNU assembler version 2.27 (x86_64-redhat-linux) using BFD version version 2.27-34.base.el7]
  ignore line: [COMPILER_PATH=/vol/apps/gcc/gcc-6.3.0/libexec/gcc/x86_64-redhat-linux/6.3.0/:/vol/apps/gcc/gcc-6.3.0/libexec/gcc/x86_64-redhat-linux/6.3.0/:/vol/apps/gcc/gcc-6.3.0/libexec/gcc/x86_64-redhat-linux/:/vol/apps/gcc/gcc-6.3.0/lib/gcc/x86_64-redhat-linux/6.3.0/:/vol/apps/gcc/gcc-6.3.0/lib/gcc/x86_64-redhat-linux/]
  ignore line: [LIBRARY_PATH=/vol/apps/gcc/gcc-6.3.0/lib/gcc/x86_64-redhat-linux/6.3.0/:/vol/apps/gcc/gcc-6.3.0/lib/gcc/x86_64-redhat-linux/6.3.0/../../../../lib64/:/lib/../lib64/:/usr/lib/../lib64/:/vol/apps/gcc/gcc-6.3.0/lib/gcc/x86_64-redhat-linux/6.3.0/../../../:/lib/:/usr/lib/]
  ignore line: [COLLECT_GCC_OPTIONS='-v' '-o' 'CMakeFiles/cmTC_89394.dir/CMakeCXXCompilerABI.cpp.o' '-c' '-shared-libgcc' '-mtune=generic' '-march=x86-64']
  ignore line: [Linking CXX executable cmTC_89394]
  ignore line: [/vol/apps/hpc/stow/cmake/gcc-7.2.0/bin/cmake -E cmake_link_script CMakeFiles/cmTC_89394.dir/link.txt --verbose=1]
  ignore line: [/vol/apps/gcc/gcc-6.3.0/bin/g++      -v CMakeFiles/cmTC_89394.dir/CMakeCXXCompilerABI.cpp.o  -o cmTC_89394 ]
  ignore line: [Using built-in specs.]
  ignore line: [COLLECT_GCC=/vol/apps/gcc/gcc-6.3.0/bin/g++]
  ignore line: [COLLECT_LTO_WRAPPER=/vol/apps/gcc/gcc-6.3.0/libexec/gcc/x86_64-redhat-linux/6.3.0/lto-wrapper]
  ignore line: [Target: x86_64-redhat-linux]
  ignore line: [Configured with: /vol/apps/gcc/src/gcc-6.3.0/configure --prefix=/vol/apps/gcc/gcc-6.3.0 --mandir=/vol/apps/gcc/gcc-6.3.0/man --infodir=/vol/apps/gcc/gcc-6.3.0/info --with-bugurl=http://bugzilla.redhat.com/bugzilla --enable-bootstrap --enable-shared --enable-threads=posix --enable-checking=release --enable-__cxa_atexit --disable-libunwind-exceptions --enable-gnu-unique-object --enable-linker-build-id --with-linker-hash-style=gnu --enable-languages=c,c++,objc,obj-c++,fortran,lto --enable-plugin --enable-initfini-array --disable-libgcj --with-isl --with-cloog --enable-gnu-indirect-function --with-tune=generic --build=x86_64-redhat-linux --disable-multilib]
  ignore line: [Thread model: posix]
  ignore line: [gcc version 6.3.0 (GCC) ]
  ignore line: [COMPILER_PATH=/vol/apps/gcc/gcc-6.3.0/libexec/gcc/x86_64-redhat-linux/6.3.0/:/vol/apps/gcc/gcc-6.3.0/libexec/gcc/x86_64-redhat-linux/6.3.0/:/vol/apps/gcc/gcc-6.3.0/libexec/gcc/x86_64-redhat-linux/:/vol/apps/gcc/gcc-6.3.0/lib/gcc/x86_64-redhat-linux/6.3.0/:/vol/apps/gcc/gcc-6.3.0/lib/gcc/x86_64-redhat-linux/]
  ignore line: [LIBRARY_PATH=/vol/apps/gcc/gcc-6.3.0/lib/gcc/x86_64-redhat-linux/6.3.0/:/vol/apps/gcc/gcc-6.3.0/lib/gcc/x86_64-redhat-linux/6.3.0/../../../../lib64/:/lib/../lib64/:/usr/lib/../lib64/:/vol/apps/gcc/gcc-6.3.0/lib/gcc/x86_64-redhat-linux/6.3.0/../../../:/lib/:/usr/lib/]
  ignore line: [COLLECT_GCC_OPTIONS='-v' '-o' 'cmTC_89394' '-shared-libgcc' '-mtune=generic' '-march=x86-64']
  link line: [ /vol/apps/gcc/gcc-6.3.0/libexec/gcc/x86_64-redhat-linux/6.3.0/collect2 --build-id --eh-frame-hdr --hash-style=gnu -m elf_x86_64 -dynamic-linker /lib64/ld-linux-x86-64.so.2 -o cmTC_89394 /lib/../lib64/crt1.o /lib/../lib64/crti.o /vol/apps/gcc/gcc-6.3.0/lib/gcc/x86_64-redhat-linux/6.3.0/crtbegin.o -L/vol/apps/gcc/gcc-6.3.0/lib/gcc/x86_64-redhat-linux/6.3.0 -L/vol/apps/gcc/gcc-6.3.0/lib/gcc/x86_64-redhat-linux/6.3.0/../../../../lib64 -L/lib/../lib64 -L/usr/lib/../lib64 -L/vol/apps/gcc/gcc-6.3.0/lib/gcc/x86_64-redhat-linux/6.3.0/../../.. CMakeFiles/cmTC_89394.dir/CMakeCXXCompilerABI.cpp.o -lstdc++ -lm -lgcc_s -lgcc -lc -lgcc_s -lgcc /vol/apps/gcc/gcc-6.3.0/lib/gcc/x86_64-redhat-linux/6.3.0/crtend.o /lib/../lib64/crtn.o]
    arg [/vol/apps/gcc/gcc-6.3.0/libexec/gcc/x86_64-redhat-linux/6.3.0/collect2] ==> ignore
    arg [--build-id] ==> ignore
    arg [--eh-frame-hdr] ==> ignore
    arg [--hash-style=gnu] ==> ignore
    arg [-m] ==> ignore
    arg [elf_x86_64] ==> ignore
    arg [-dynamic-linker] ==> ignore
    arg [/lib64/ld-linux-x86-64.so.2] ==> ignore
    arg [-o] ==> ignore
    arg [cmTC_89394] ==> ignore
    arg [/lib/../lib64/crt1.o] ==> ignore
    arg [/lib/../lib64/crti.o] ==> ignore
    arg [/vol/apps/gcc/gcc-6.3.0/lib/gcc/x86_64-redhat-linux/6.3.0/crtbegin.o] ==> ignore
    arg [-L/vol/apps/gcc/gcc-6.3.0/lib/gcc/x86_64-redhat-linux/6.3.0] ==> dir [/vol/apps/gcc/gcc-6.3.0/lib/gcc/x86_64-redhat-linux/6.3.0]
    arg [-L/vol/apps/gcc/gcc-6.3.0/lib/gcc/x86_64-redhat-linux/6.3.0/../../../../lib64] ==> dir [/vol/apps/gcc/gcc-6.3.0/lib/gcc/x86_64-redhat-linux/6.3.0/../../../../lib64]
    arg [-L/lib/../lib64] ==> dir [/lib/../lib64]
    arg [-L/usr/lib/../lib64] ==> dir [/usr/lib/../lib64]
    arg [-L/vol/apps/gcc/gcc-6.3.0/lib/gcc/x86_64-redhat-linux/6.3.0/../../..] ==> dir [/vol/apps/gcc/gcc-6.3.0/lib/gcc/x86_64-redhat-linux/6.3.0/../../..]
    arg [CMakeFiles/cmTC_89394.dir/CMakeCXXCompilerABI.cpp.o] ==> ignore
    arg [-lstdc++] ==> lib [stdc++]
    arg [-lm] ==> lib [m]
    arg [-lgcc_s] ==> lib [gcc_s]
    arg [-lgcc] ==> lib [gcc]
    arg [-lc] ==> lib [c]
    arg [-lgcc_s] ==> lib [gcc_s]
    arg [-lgcc] ==> lib [gcc]
    arg [/vol/apps/gcc/gcc-6.3.0/lib/gcc/x86_64-redhat-linux/6.3.0/crtend.o] ==> ignore
    arg [/lib/../lib64/crtn.o] ==> ignore
  collapse library dir [/vol/apps/gcc/gcc-6.3.0/lib/gcc/x86_64-redhat-linux/6.3.0] ==> [/vol/apps/gcc/gcc-6.3.0/lib/gcc/x86_64-redhat-linux/6.3.0]
  collapse library dir [/vol/apps/gcc/gcc-6.3.0/lib/gcc/x86_64-redhat-linux/6.3.0/../../../../lib64] ==> [/vol/apps/gcc/gcc-6.3.0/lib64]
  collapse library dir [/lib/../lib64] ==> [/lib64]
  collapse library dir [/usr/lib/../lib64] ==> [/usr/lib64]
  collapse library dir [/vol/apps/gcc/gcc-6.3.0/lib/gcc/x86_64-redhat-linux/6.3.0/../../..] ==> [/vol/apps/gcc/gcc-6.3.0/lib]
  implicit libs: [stdc++;m;gcc_s;gcc;c;gcc_s;gcc]
  implicit dirs: [/vol/apps/gcc/gcc-6.3.0/lib/gcc/x86_64-redhat-linux/6.3.0;/vol/apps/gcc/gcc-6.3.0/lib64;/lib64;/usr/lib64;/vol/apps/gcc/gcc-6.3.0/lib]
  implicit fwks: []




Detecting CXX [-std=c++1z] compiler features compiled with the following output:
Change Dir: /home/ruofeng/cluster/build/CMakeFiles/CMakeTmp

Run Build Command(s):/usr/bin/gmake cmTC_ffa22/fast 
/usr/bin/gmake -f CMakeFiles/cmTC_ffa22.dir/build.make CMakeFiles/cmTC_ffa22.dir/build
gmake[1]: Entering directory `/home/ruofeng/cluster/build/CMakeFiles/CMakeTmp'
Building CXX object CMakeFiles/cmTC_ffa22.dir/feature_tests.cxx.o
/vol/apps/gcc/gcc-6.3.0/bin/g++    -std=c++1z -o CMakeFiles/cmTC_ffa22.dir/feature_tests.cxx.o -c /home/ruofeng/cluster/build/CMakeFiles/feature_tests.cxx
Linking CXX executable cmTC_ffa22
/vol/apps/hpc/stow/cmake/gcc-7.2.0/bin/cmake -E cmake_link_script CMakeFiles/cmTC_ffa22.dir/link.txt --verbose=1
/vol/apps/gcc/gcc-6.3.0/bin/g++       CMakeFiles/cmTC_ffa22.dir/feature_tests.cxx.o  -o cmTC_ffa22 
gmake[1]: Leaving directory `/home/ruofeng/cluster/build/CMakeFiles/CMakeTmp'


    Feature record: CXX_FEATURE:1cxx_aggregate_default_initializers
    Feature record: CXX_FEATURE:1cxx_alias_templates
    Feature record: CXX_FEATURE:1cxx_alignas
    Feature record: CXX_FEATURE:1cxx_alignof
    Feature record: CXX_FEATURE:1cxx_attributes
    Feature record: CXX_FEATURE:1cxx_attribute_deprecated
    Feature record: CXX_FEATURE:1cxx_auto_type
    Feature record: CXX_FEATURE:1cxx_binary_literals
    Feature record: CXX_FEATURE:1cxx_constexpr
    Feature record: CXX_FEATURE:1cxx_contextual_conversions
    Feature record: CXX_FEATURE:1cxx_decltype
    Feature record: CXX_FEATURE:1cxx_decltype_auto
    Feature record: CXX_FEATURE:1cxx_decltype_incomplete_return_types
    Feature record: CXX_FEATURE:1cxx_default_function_template_args
    Feature record: CXX_FEATURE:1cxx_defaulted_functions
    Feature record: CXX_FEATURE:1cxx_defaulted_move_initializers
    Feature record: CXX_FEATURE:1cxx_delegating_constructors
    Feature record: CXX_FEATURE:1cxx_deleted_functions
    Feature record: CXX_FEATURE:1cxx_digit_separators
    Feature record: CXX_FEATURE:1cxx_enum_forward_declarations
    Feature record: CXX_FEATURE:1cxx_explicit_conversions
    Feature record: CXX_FEATURE:1cxx_extended_friend_declarations
    Feature record: CXX_FEATURE:1cxx_extern_templates
    Feature record: CXX_FEATURE:1cxx_final
    Feature record: CXX_FEATURE:1cxx_func_identifier
    Feature record: CXX_FEATURE:1cxx_generalized_initializers
    Feature record: CXX_FEATURE:1cxx_generic_lambdas
    Feature record: CXX_FEATURE:1cxx_inheriting_constructors
    Feature record: CXX_FEATURE:1cxx_inline_namespaces
    Feature record: CXX_FEATURE:1cxx_lambdas
    Feature record: CXX_FEATURE:1cxx_lambda_init_captures
    Feature record: CXX_FEATURE:1cxx_local_type_template_args
    Feature record: CXX_FEATURE:1cxx_long_long_type
    Feature record: CXX_FEATURE:1cxx_noexcept
    Feature record: CXX_FEATURE:1cxx_nonstatic_member_init
    Feature record: CXX_FEATURE:1cxx_nullptr
    Feature record: CXX_FEATURE:1cxx_override
    Feature record: CXX_FEATURE:1cxx_range_for
    Feature record: CXX_FEATURE:1cxx_raw_string_literals
    Feature record: CXX_FEATURE:1cxx_reference_qualified_functions
    Feature record: CXX_FEATURE:1cxx_relaxed_constexpr
    Feature record: CXX_FEATURE:1cxx_return_type_deduction
    Feature record: CXX_FEATURE:1cxx_right_angle_brackets
    Feature record: CXX_FEATURE:1cxx_rvalue_references
    Feature record: CXX_FEATURE:1cxx_sizeof_member
    Feature record: CXX_FEATURE:1cxx_static_assert
    Feature record: CXX_FEATURE:1cxx_strong_enums
    Feature record: CXX_FEATURE:1cxx_template_template_parameters
    Feature record: CXX_FEATURE:1cxx_thread_local
    Feature record: CXX_FEATURE:1cxx_trailing_return_types
    Feature record: CXX_FEATURE:1cxx_unicode_literals
    Feature record: CXX_FEATURE:1cxx_uniform_initialization
    Feature record: CXX_FEATURE:1cxx_unrestricted_unions
    Feature record: CXX_FEATURE:1cxx_user_literals
    Feature record: CXX_FEATURE:1cxx_variable_templates
    Feature record: CXX_FEATURE:1cxx_variadic_macros
    Feature record: CXX_FEATURE:1cxx_variadic_templates


Detecting CXX [-std=c++14] compiler features compiled with the following output:
Change Dir: /home/ruofeng/cluster/build/CMakeFiles/CMakeTmp

Run Build Command(s):/usr/bin/gmake cmTC_42d9e/fast 
/usr/bin/gmake -f CMakeFiles/cmTC_42d9e.dir/build.make CMakeFiles/cmTC_42d9e.dir/build
gmake[1]: Entering directory `/home/ruofeng/cluster/build/CMakeFiles/CMakeTmp'
Building CXX object CMakeFiles/cmTC_42d9e.dir/feature_tests.cxx.o
/vol/apps/gcc/gcc-6.3.0/bin/g++    -std=c++14 -o CMakeFiles/cmTC_42d9e.dir/feature_tests.cxx.o -c /home/ruofeng/cluster/build/CMakeFiles/feature_tests.cxx
Linking CXX executable cmTC_42d9e
/vol/apps/hpc/stow/cmake/gcc-7.2.0/bin/cmake -E cmake_link_script CMakeFiles/cmTC_42d9e.dir/link.txt --verbose=1
/vol/apps/gcc/gcc-6.3.0/bin/g++       CMakeFiles/cmTC_42d9e.dir/feature_tests.cxx.o  -o cmTC_42d9e 
gmake[1]: Leaving directory `/home/ruofeng/cluster/build/CMakeFiles/CMakeTmp'


    Feature record: CXX_FEATURE:1cxx_aggregate_default_initializers
    Feature record: CXX_FEATURE:1cxx_alias_templates
    Feature record: CXX_FEATURE:1cxx_alignas
    Feature record: CXX_FEATURE:1cxx_alignof
    Feature record: CXX_FEATURE:1cxx_attributes
    Feature record: CXX_FEATURE:1cxx_attribute_deprecated
    Feature record: CXX_FEATURE:1cxx_auto_type
    Feature record: CXX_FEATURE:1cxx_binary_literals
    Feature record: CXX_FEATURE:1cxx_constexpr
    Feature record: CXX_FEATURE:1cxx_contextual_conversions
    Feature record: CXX_FEATURE:1cxx_decltype
    Feature record: CXX_FEATURE:1cxx_decltype_auto
    Feature record: CXX_FEATURE:1cxx_decltype_incomplete_return_types
    Feature record: CXX_FEATURE:1cxx_default_function_template_args
    Feature record: CXX_FEATURE:1cxx_defaulted_functions
    Feature record: CXX_FEATURE:1cxx_defaulted_move_initializers
    Feature record: CXX_FEATURE:1cxx_delegating_constructors
    Feature record: CXX_FEATURE:1cxx_deleted_functions
    Feature record: CXX_FEATURE:1cxx_digit_separators
    Feature record: CXX_FEATURE:1cxx_enum_forward_declarations
    Feature record: CXX_FEATURE:1cxx_explicit_conversions
    Feature record: CXX_FEATURE:1cxx_extended_friend_declarations
    Feature record: CXX_FEATURE:1cxx_extern_templates
    Feature record: CXX_FEATURE:1cxx_final
    Feature record: CXX_FEATURE:1cxx_func_identifier
    Feature record: CXX_FEATURE:1cxx_generalized_initializers
    Feature record: CXX_FEATURE:1cxx_generic_lambdas
    Feature record: CXX_FEATURE:1cxx_inheriting_constructors
    Feature record: CXX_FEATURE:1cxx_inline_namespaces
    Feature record: CXX_FEATURE:1cxx_lambdas
    Feature record: CXX_FEATURE:1cxx_lambda_init_captures
    Feature record: CXX_FEATURE:1cxx_local_type_template_args
    Feature record: CXX_FEATURE:1cxx_long_long_type
    Feature record: CXX_FEATURE:1cxx_noexcept
    Feature record: CXX_FEATURE:1cxx_nonstatic_member_init
    Feature record: CXX_FEATURE:1cxx_nullptr
    Feature record: CXX_FEATURE:1cxx_override
    Feature record: CXX_FEATURE:1cxx_range_for
    Feature record: CXX_FEATURE:1cxx_raw_string_literals
    Feature record: CXX_FEATURE:1cxx_reference_qualified_functions
    Feature record: CXX_FEATURE:1cxx_relaxed_constexpr
    Feature record: CXX_FEATURE:1cxx_return_type_deduction
    Feature record: CXX_FEATURE:1cxx_right_angle_brackets
    Feature record: CXX_FEATURE:1cxx_rvalue_references
    Feature record: CXX_FEATURE:1cxx_sizeof_member
    Feature record: CXX_FEATURE:1cxx_static_assert
    Feature record: CXX_FEATURE:1cxx_strong_enums
    Feature record: CXX_FEATURE:1cxx_template_template_parameters
    Feature record: CXX_FEATURE:1cxx_thread_local
    Feature record: CXX_FEATURE:1cxx_trailing_return_types
    Feature record: CXX_FEATURE:1cxx_unicode_literals
    Feature record: CXX_FEATURE:1cxx_uniform_initialization
    Feature record: CXX_FEATURE:1cxx_unrestricted_unions
    Feature record: CXX_FEATURE:1cxx_user_literals
    Feature record: CXX_FEATURE:1cxx_variable_templates
    Feature record: CXX_FEATURE:1cxx_variadic_macros
    Feature record: CXX_FEATURE:1cxx_variadic_templates


Detecting CXX [-std=c++11] compiler features compiled with the following output:
Change Dir: /home/ruofeng/cluster/build/CMakeFiles/CMakeTmp

Run Build Command(s):/usr/bin/gmake cmTC_cb84a/fast 
/usr/bin/gmake -f CMakeFiles/cmTC_cb84a.dir/build.make CMakeFiles/cmTC_cb84a.dir/build
gmake[1]: Entering directory `/home/ruofeng/cluster/build/CMakeFiles/CMakeTmp'
Building CXX object CMakeFiles/cmTC_cb84a.dir/feature_tests.cxx.o
/vol/apps/gcc/gcc-6.3.0/bin/g++    -std=c++11 -o CMakeFiles/cmTC_cb84a.dir/feature_tests.cxx.o -c /home/ruofeng/cluster/build/CMakeFiles/feature_tests.cxx
Linking CXX executable cmTC_cb84a
/vol/apps/hpc/stow/cmake/gcc-7.2.0/bin/cmake -E cmake_link_script CMakeFiles/cmTC_cb84a.dir/link.txt --verbose=1
/vol/apps/gcc/gcc-6.3.0/bin/g++       CMakeFiles/cmTC_cb84a.dir/feature_tests.cxx.o  -o cmTC_cb84a 
gmake[1]: Leaving directory `/home/ruofeng/cluster/build/CMakeFiles/CMakeTmp'


    Feature record: CXX_FEATURE:0cxx_aggregate_default_initializers
    Feature record: CXX_FEATURE:1cxx_alias_templates
    Feature record: CXX_FEATURE:1cxx_alignas
    Feature record: CXX_FEATURE:1cxx_alignof
    Feature record: CXX_FEATURE:1cxx_attributes
    Feature record: CXX_FEATURE:0cxx_attribute_deprecated
    Feature record: CXX_FEATURE:1cxx_auto_type
    Feature record: CXX_FEATURE:0cxx_binary_literals
    Feature record: CXX_FEATURE:1cxx_constexpr
    Feature record: CXX_FEATURE:0cxx_contextual_conversions
    Feature record: CXX_FEATURE:1cxx_decltype
    Feature record: CXX_FEATURE:0cxx_decltype_auto
    Feature record: CXX_FEATURE:1cxx_decltype_incomplete_return_types
    Feature record: CXX_FEATURE:1cxx_default_function_template_args
    Feature record: CXX_FEATURE:1cxx_defaulted_functions
    Feature record: CXX_FEATURE:1cxx_defaulted_move_initializers
    Feature record: CXX_FEATURE:1cxx_delegating_constructors
    Feature record: CXX_FEATURE:1cxx_deleted_functions
    Feature record: CXX_FEATURE:0cxx_digit_separators
    Feature record: CXX_FEATURE:1cxx_enum_forward_declarations
    Feature record: CXX_FEATURE:1cxx_explicit_conversions
    Feature record: CXX_FEATURE:1cxx_extended_friend_declarations
    Feature record: CXX_FEATURE:1cxx_extern_templates
    Feature record: CXX_FEATURE:1cxx_final
    Feature record: CXX_FEATURE:1cxx_func_identifier
    Feature record: CXX_FEATURE:1cxx_generalized_initializers
    Feature record: CXX_FEATURE:0cxx_generic_lambdas
    Feature record: CXX_FEATURE:1cxx_inheriting_constructors
    Feature record: CXX_FEATURE:1cxx_inline_namespaces
    Feature record: CXX_FEATURE:1cxx_lambdas
    Feature record: CXX_FEATURE:0cxx_lambda_init_captures
    Feature record: CXX_FEATURE:1cxx_local_type_template_args
    Feature record: CXX_FEATURE:1cxx_long_long_type
    Feature record: CXX_FEATURE:1cxx_noexcept
    Feature record: CXX_FEATURE:1cxx_nonstatic_member_init
    Feature record: CXX_FEATURE:1cxx_nullptr
    Feature record: CXX_FEATURE:1cxx_override
    Feature record: CXX_FEATURE:1cxx_range_for
    Feature record: CXX_FEATURE:1cxx_raw_string_literals
    Feature record: CXX_FEATURE:1cxx_reference_qualified_functions
    Feature record: CXX_FEATURE:0cxx_relaxed_constexpr
    Feature record: CXX_FEATURE:0cxx_return_type_deduction
    Feature record: CXX_FEATURE:1cxx_right_angle_brackets
    Feature record: CXX_FEATURE:1cxx_rvalue_references
    Feature record: CXX_FEATURE:1cxx_sizeof_member
    Feature record: CXX_FEATURE:1cxx_static_assert
    Feature record: CXX_FEATURE:1cxx_strong_enums
    Feature record: CXX_FEATURE:1cxx_template_template_parameters
    Feature record: CXX_FEATURE:1cxx_thread_local
    Feature record: CXX_FEATURE:1cxx_trailing_return_types
    Feature record: CXX_FEATURE:1cxx_unicode_literals
    Feature record: CXX_FEATURE:1cxx_uniform_initialization
    Feature record: CXX_FEATURE:1cxx_unrestricted_unions
    Feature record: CXX_FEATURE:1cxx_user_literals
    Feature record: CXX_FEATURE:0cxx_variable_templates
    Feature record: CXX_FEATURE:1cxx_variadic_macros
    Feature record: CXX_FEATURE:1cxx_variadic_templates


Detecting CXX [-std=c++98] compiler features compiled with the following output:
Change Dir: /home/ruofeng/cluster/build/CMakeFiles/CMakeTmp

Run Build Command(s):/usr/bin/gmake cmTC_a829c/fast 
/usr/bin/gmake -f CMakeFiles/cmTC_a829c.dir/build.make CMakeFiles/cmTC_a829c.dir/build
gmake[1]: Entering directory `/home/ruofeng/cluster/build/CMakeFiles/CMakeTmp'
Building CXX object CMakeFiles/cmTC_a829c.dir/feature_tests.cxx.o
/vol/apps/gcc/gcc-6.3.0/bin/g++    -std=c++98 -o CMakeFiles/cmTC_a829c.dir/feature_tests.cxx.o -c /home/ruofeng/cluster/build/CMakeFiles/feature_tests.cxx
Linking CXX executable cmTC_a829c
/vol/apps/hpc/stow/cmake/gcc-7.2.0/bin/cmake -E cmake_link_script CMakeFiles/cmTC_a829c.dir/link.txt --verbose=1
/vol/apps/gcc/gcc-6.3.0/bin/g++       CMakeFiles/cmTC_a829c.dir/feature_tests.cxx.o  -o cmTC_a829c 
gmake[1]: Leaving directory `/home/ruofeng/cluster/build/CMakeFiles/CMakeTmp'


    Feature record: CXX_FEATURE:0cxx_aggregate_default_initializers
    Feature record: CXX_FEATURE:0cxx_alias_templates
    Feature record: CXX_FEATURE:0cxx_alignas
    Feature record: CXX_FEATURE:0cxx_alignof
    Feature record: CXX_FEATURE:0cxx_attributes
    Feature record: CXX_FEATURE:0cxx_attribute_deprecated
    Feature record: CXX_FEATURE:0cxx_auto_type
    Feature record: CXX_FEATURE:0cxx_binary_literals
    Feature record: CXX_FEATURE:0cxx_constexpr
    Feature record: CXX_FEATURE:0cxx_contextual_conversions
    Feature record: CXX_FEATURE:0cxx_decltype
    Feature record: CXX_FEATURE:0cxx_decltype_auto
    Feature record: CXX_FEATURE:0cxx_decltype_incomplete_return_types
    Feature record: CXX_FEATURE:0cxx_default_function_template_args
    Feature record: CXX_FEATURE:0cxx_defaulted_functions
    Feature record: CXX_FEATURE:0cxx_defaulted_move_initializers
    Feature record: CXX_FEATURE:0cxx_delegating_constructors
    Feature record: CXX_FEATURE:0cxx_deleted_functions
    Feature record: CXX_FEATURE:0cxx_digit_separators
    Feature record: CXX_FEATURE:0cxx_enum_forward_declarations
    Feature record: CXX_FEATURE:0cxx_explicit_conversions
    Feature record: CXX_FEATURE:0cxx_extended_friend_declarations
    Feature record: CXX_FEATURE:0cxx_extern_templates
    Feature record: CXX_FEATURE:0cxx_final
    Feature record: CXX_FEATURE:0cxx_func_identifier
    Feature record: CXX_FEATURE:0cxx_generalized_initializers
    Feature record: CXX_FEATURE:0cxx_generic_lambdas
    Feature record: CXX_FEATURE:0cxx_inheriting_constructors
    Feature record: CXX_FEATURE:0cxx_inline_namespaces
    Feature record: CXX_FEATURE:0cxx_lambdas
    Feature record: CXX_FEATURE:0cxx_lambda_init_captures
    Feature record: CXX_FEATURE:0cxx_local_type_template_args
    Feature record: CXX_FEATURE:0cxx_long_long_type
    Feature record: CXX_FEATURE:0cxx_noexcept
    Feature record: CXX_FEATURE:0cxx_nonstatic_member_init
    Feature record: CXX_FEATURE:0cxx_nullptr
    Feature record: CXX_FEATURE:0cxx_override
    Feature record: CXX_FEATURE:0cxx_range_for
    Feature record: CXX_FEATURE:0cxx_raw_string_literals
    Feature record: CXX_FEATURE:0cxx_reference_qualified_functions
    Feature record: CXX_FEATURE:0cxx_relaxed_constexpr
    Feature record: CXX_FEATURE:0cxx_return_type_deduction
    Feature record: CXX_FEATURE:0cxx_right_angle_brackets
    Feature record: CXX_FEATURE:0cxx_rvalue_references
    Feature record: CXX_FEATURE:0cxx_sizeof_member
    Feature record: CXX_FEATURE:0cxx_static_assert
    Feature record: CXX_FEATURE:0cxx_strong_enums
    Feature record: CXX_FEATURE:1cxx_template_template_parameters
    Feature record: CXX_FEATURE:0cxx_thread_local
    Feature record: CXX_FEATURE:0cxx_trailing_return_types
    Feature record: CXX_FEATURE:0cxx_unicode_literals
    Feature record: CXX_FEATURE:0cxx_uniform_initialization
    Feature record: CXX_FEATURE:0cxx_unrestricted_unions
    Feature record: CXX_FEATURE:0cxx_user_literals
    Feature record: CXX_FEATURE:0cxx_variable_templates
    Feature record: CXX_FEATURE:0cxx_variadic_macros
    Feature record: CXX_FEATURE:0cxx_variadic_templates
Determining if the include file pthread.h exists passed with the following output:
Change Dir: /home/ruofeng/cluster/build/CMakeFiles/CMakeTmp

Run Build Command(s):/usr/bin/gmake cmTC_34cb8/fast 
/usr/bin/gmake -f CMakeFiles/cmTC_34cb8.dir/build.make CMakeFiles/cmTC_34cb8.dir/build
gmake[1]: Entering directory `/home/ruofeng/cluster/build/CMakeFiles/CMakeTmp'
Building CXX object CMakeFiles/cmTC_34cb8.dir/CheckIncludeFile.cxx.o
/vol/apps/gcc/gcc-6.3.0/bin/g++    -fopenmp    -o CMakeFiles/cmTC_34cb8.dir/CheckIncludeFile.cxx.o -c /home/ruofeng/cluster/build/CMakeFiles/CMakeTmp/CheckIncludeFile.cxx
Linking CXX executable cmTC_34cb8
/vol/apps/hpc/stow/cmake/gcc-7.2.0/bin/cmake -E cmake_link_script CMakeFiles/cmTC_34cb8.dir/link.txt --verbose=1
/vol/apps/gcc/gcc-6.3.0/bin/g++  -fopenmp     CMakeFiles/cmTC_34cb8.dir/CheckIncludeFile.cxx.o  -o cmTC_34cb8 
gmake[1]: Leaving directory `/home/ruofeng/cluster/build/CMakeFiles/CMakeTmp'


Determining if the pthread_create exist passed with the following output:
Change Dir: /home/ruofeng/cluster/build/CMakeFiles/CMakeTmp

Run Build Command(s):/usr/bin/gmake cmTC_b0e9c/fast 
/usr/bin/gmake -f CMakeFiles/cmTC_b0e9c.dir/build.make CMakeFiles/cmTC_b0e9c.dir/build
gmake[1]: Entering directory `/home/ruofeng/cluster/build/CMakeFiles/CMakeTmp'
Building CXX object CMakeFiles/cmTC_b0e9c.dir/CheckSymbolExists.cxx.o
/vol/apps/gcc/gcc-6.3.0/bin/g++    -fopenmp    -o CMakeFiles/cmTC_b0e9c.dir/CheckSymbolExists.cxx.o -c /home/ruofeng/cluster/build/CMakeFiles/CMakeTmp/CheckSymbolExists.cxx
Linking CXX executable cmTC_b0e9c
/vol/apps/hpc/stow/cmake/gcc-7.2.0/bin/cmake -E cmake_link_script CMakeFiles/cmTC_b0e9c.dir/link.txt --verbose=1
/vol/apps/gcc/gcc-6.3.0/bin/g++  -fopenmp     CMakeFiles/cmTC_b0e9c.dir/CheckSymbolExists.cxx.o  -o cmTC_b0e9c 
gmake[1]: Leaving directory `/home/ruofeng/cluster/build/CMakeFiles/CMakeTmp'

File /home/ruofeng/cluster/build/CMakeFiles/CMakeTmp/CheckSymbolExists.cxx:
/* */
#include <pthread.h>

int main(int argc, char** argv)
{
  (void)argv;
#ifndef pthread_create
  return ((int*)(&pthread_create))[argc];
#else
  (void)argc;
  return 0;
#endif
}

Determining if the function sgemm_ exists passed with the following output:
Change Dir: /home/ruofeng/cluster/build/CMakeFiles/CMakeTmp

Run Build Command(s):/usr/bin/gmake cmTC_86001/fast 
/usr/bin/gmake -f CMakeFiles/cmTC_86001.dir/build.make CMakeFiles/cmTC_86001.dir/build
gmake[1]: Entering directory `/home/ruofeng/cluster/build/CMakeFiles/CMakeTmp'
Building CXX object CMakeFiles/cmTC_86001.dir/CheckFunctionExists.cxx.o
/vol/apps/gcc/gcc-6.3.0/bin/g++    -fopenmp -DCHECK_FUNCTION_EXISTS=sgemm_   -o CMakeFiles/cmTC_86001.dir/CheckFunctionExists.cxx.o -c /home/ruofeng/cluster/build/CMakeFiles/CheckFunctionExists/CheckFunctionExists.cxx
Linking CXX executable cmTC_86001
/vol/apps/hpc/stow/cmake/gcc-7.2.0/bin/cmake -E cmake_link_script CMakeFiles/cmTC_86001.dir/link.txt --verbose=1
/vol/apps/gcc/gcc-6.3.0/bin/g++  -fopenmp -DCHECK_FUNCTION_EXISTS=sgemm_    CMakeFiles/cmTC_86001.dir/CheckFunctionExists.cxx.o  -o cmTC_86001 /usr/lib64/libopenblas.so 
gmake[1]: Leaving directory `/home/ruofeng/cluster/build/CMakeFiles/CMakeTmp'


Determining if the function cheev_ exists passed with the following output:
Change Dir: /home/ruofeng/cluster/build/CMakeFiles/CMakeTmp

Run Build Command(s):/usr/bin/gmake cmTC_fcb83/fast 
/usr/bin/gmake -f CMakeFiles/cmTC_fcb83.dir/build.make CMakeFiles/cmTC_fcb83.dir/build
gmake[1]: Entering directory `/home/ruofeng/cluster/build/CMakeFiles/CMakeTmp'
Building CXX object CMakeFiles/cmTC_fcb83.dir/CheckFunctionExists.cxx.o
/vol/apps/gcc/gcc-6.3.0/bin/g++    -fopenmp -DCHECK_FUNCTION_EXISTS=cheev_   -o CMakeFiles/cmTC_fcb83.dir/CheckFunctionExists.cxx.o -c /home/ruofeng/cluster/build/CMakeFiles/CheckFunctionExists/CheckFunctionExists.cxx
Linking CXX executable cmTC_fcb83
/vol/apps/hpc/stow/cmake/gcc-7.2.0/bin/cmake -E cmake_link_script CMakeFiles/cmTC_fcb83.dir/link.txt --verbose=1
/vol/apps/gcc/gcc-6.3.0/bin/g++  -fopenmp -DCHECK_FUNCTION_EXISTS=cheev_    CMakeFiles/cmTC_fcb83.dir/CheckFunctionExists.cxx.o  -o cmTC_fcb83 /usr/lib64/libopenblas.so 
gmake[1]: Leaving directory `/home/ruofeng/cluster/build/CMakeFiles/CMakeTmp'


